<?xml version="1.0" encoding="UTF-8" standalone="yes"?><!DOCTYPE report PUBLIC "-//JACOCO//DTD Report 1.0//EN" "report.dtd"><report name="Java Types"><sessioninfo id="fschopp-macbook.local-e777b30e" start="1432599984498" dump="1432599985983"/><package name="net/florianschoppmann/java/type"><class name="net/florianschoppmann/java/type/AbstractTypes$ErasureVisitor"><method name="&lt;init&gt;" desc="(Lnet/florianschoppmann/java/type/AbstractTypes;)V" line="874"><counter type="INSTRUCTION" missed="0" covered="6"/><counter type="LINE" missed="0" covered="1"/><counter type="COMPLEXITY" missed="0" covered="1"/><counter type="METHOD" missed="0" covered="1"/></method><method name="visitDeclared" desc="(Ljavax/lang/model/type/DeclaredType;Ljava/lang/Void;)Ljavax/lang/model/type/TypeMirror;" line="877"><counter type="INSTRUCTION" missed="0" covered="26"/><counter type="BRANCH" missed="0" covered="2"/><counter type="LINE" missed="0" covered="4"/><counter type="COMPLEXITY" missed="0" covered="2"/><counter type="METHOD" missed="0" covered="1"/></method><method name="visitArray" desc="(Ljavax/lang/model/type/ArrayType;Ljava/lang/Void;)Ljavax/lang/model/type/TypeMirror;" line="889"><counter type="INSTRUCTION" missed="0" covered="9"/><counter type="LINE" missed="0" covered="1"/><counter type="COMPLEXITY" missed="0" covered="1"/><counter type="METHOD" missed="0" covered="1"/></method><method name="visitTypeVariable" desc="(Ljavax/lang/model/type/TypeVariable;Ljava/lang/Void;)Ljavax/lang/model/type/TypeMirror;" line="901"><counter type="INSTRUCTION" missed="0" covered="6"/><counter type="LINE" missed="0" covered="1"/><counter type="COMPLEXITY" missed="0" covered="1"/><counter type="METHOD" missed="0" covered="1"/></method><method name="visitIntersection" desc="(Lnet/florianschoppmann/java/type/IntersectionType;Ljava/lang/Void;)Ljavax/lang/model/type/TypeMirror;" line="913"><counter type="INSTRUCTION" missed="0" covered="9"/><counter type="LINE" missed="0" covered="1"/><counter type="COMPLEXITY" missed="0" covered="1"/><counter type="METHOD" missed="0" covered="1"/></method><method name="defaultAction" desc="(Ljavax/lang/model/type/TypeMirror;Ljava/lang/Void;)Ljavax/lang/model/type/TypeMirror;" line="923"><counter type="INSTRUCTION" missed="0" covered="2"/><counter type="LINE" missed="0" covered="1"/><counter type="COMPLEXITY" missed="0" covered="1"/><counter type="METHOD" missed="0" covered="1"/></method><counter type="INSTRUCTION" missed="0" covered="58"/><counter type="BRANCH" missed="0" covered="2"/><counter type="LINE" missed="0" covered="9"/><counter type="COMPLEXITY" missed="0" covered="7"/><counter type="METHOD" missed="0" covered="6"/><counter type="CLASS" missed="0" covered="1"/></class><class name="net/florianschoppmann/java/type/AbstractTypes$TypeDeclarationVertexState"><method name="&lt;init&gt;" desc="(IZLjavax/lang/model/element/TypeElement;Ljavax/lang/model/type/DeclaredType;)V" line="758"><counter type="INSTRUCTION" missed="0" covered="15"/><counter type="LINE" missed="0" covered="6"/><counter type="COMPLEXITY" missed="0" covered="1"/><counter type="METHOD" missed="0" covered="1"/></method><method name="toPath" desc="(Ljavax/lang/model/type/DeclaredType;)Ljava/util/List;" line="775"><counter type="INSTRUCTION" missed="0" covered="31"/><counter type="BRANCH" missed="0" covered="2"/><counter type="LINE" missed="0" covered="9"/><counter type="COMPLEXITY" missed="0" covered="2"/><counter type="METHOD" missed="0" covered="1"/></method><counter type="INSTRUCTION" missed="0" covered="46"/><counter type="BRANCH" missed="0" covered="2"/><counter type="LINE" missed="0" covered="15"/><counter type="COMPLEXITY" missed="0" covered="3"/><counter type="METHOD" missed="0" covered="2"/><counter type="CLASS" missed="0" covered="1"/></class><class name="net/florianschoppmann/java/type/AbstractTypes$SubtypeVisitor"><method name="&lt;init&gt;" desc="(Lnet/florianschoppmann/java/type/AbstractTypes;)V" line="525"><counter type="INSTRUCTION" missed="0" covered="44"/><counter type="LINE" missed="0" covered="5"/><counter type="COMPLEXITY" missed="0" covered="1"/><counter type="METHOD" missed="0" covered="1"/></method><method name="visitArray" desc="(Ljavax/lang/model/type/ArrayType;Ljavax/lang/model/type/TypeMirror;)Ljava/lang/Boolean;" line="539"><counter type="INSTRUCTION" missed="4" covered="22"/><counter type="BRANCH" missed="2" covered="6"/><counter type="LINE" missed="0" covered="3"/><counter type="COMPLEXITY" missed="2" covered="3"/><counter type="METHOD" missed="0" covered="1"/></method><method name="visitDeclared" desc="(Ljavax/lang/model/type/DeclaredType;Ljavax/lang/model/type/TypeMirror;)Ljava/lang/Boolean;" line="551"><counter type="INSTRUCTION" missed="4" covered="12"/><counter type="BRANCH" missed="2" covered="2"/><counter type="LINE" missed="0" covered="2"/><counter type="COMPLEXITY" missed="2" covered="1"/><counter type="METHOD" missed="0" covered="1"/></method><method name="visitPrimitive" desc="(Ljavax/lang/model/type/PrimitiveType;Ljavax/lang/model/type/TypeMirror;)Ljava/lang/Boolean;" line="565"><counter type="INSTRUCTION" missed="4" covered="45"/><counter type="BRANCH" missed="3" covered="13"/><counter type="LINE" missed="0" covered="6"/><counter type="COMPLEXITY" missed="3" covered="6"/><counter type="METHOD" missed="0" covered="1"/></method><method name="visitTypeVariable" desc="(Ljavax/lang/model/type/TypeVariable;Ljavax/lang/model/type/TypeMirror;)Ljava/lang/Boolean;" line="583"><counter type="INSTRUCTION" missed="4" covered="12"/><counter type="BRANCH" missed="2" covered="2"/><counter type="LINE" missed="0" covered="2"/><counter type="COMPLEXITY" missed="2" covered="1"/><counter type="METHOD" missed="0" covered="1"/></method><method name="visitIntersection" desc="(Lnet/florianschoppmann/java/type/IntersectionType;Ljavax/lang/model/type/TypeMirror;)Ljava/lang/Boolean;" line="600"><counter type="INSTRUCTION" missed="4" covered="11"/><counter type="BRANCH" missed="2" covered="2"/><counter type="LINE" missed="0" covered="2"/><counter type="COMPLEXITY" missed="2" covered="1"/><counter type="METHOD" missed="0" covered="1"/></method><method name="&lt;clinit&gt;" desc="()V" line="524"><counter type="INSTRUCTION" missed="2" covered="6"/><counter type="BRANCH" missed="1" covered="1"/><counter type="LINE" missed="0" covered="1"/><counter type="COMPLEXITY" missed="1" covered="1"/><counter type="METHOD" missed="0" covered="1"/></method><counter type="INSTRUCTION" missed="22" covered="152"/><counter type="BRANCH" missed="12" covered="26"/><counter type="LINE" missed="0" covered="21"/><counter type="COMPLEXITY" missed="12" covered="14"/><counter type="METHOD" missed="0" covered="7"/><counter type="CLASS" missed="0" covered="1"/></class><class name="net/florianschoppmann/java/type/AbstractTypes$Substitutions"><method name="&lt;init&gt;" desc="(Ljava/util/Map;Ljava/util/Map;)V" line="143"><counter type="INSTRUCTION" missed="0" covered="9"/><counter type="LINE" missed="0" covered="4"/><counter type="COMPLEXITY" missed="0" covered="1"/><counter type="METHOD" missed="0" covered="1"/></method><counter type="INSTRUCTION" missed="0" covered="9"/><counter type="LINE" missed="0" covered="4"/><counter type="COMPLEXITY" missed="0" covered="1"/><counter type="METHOD" missed="0" covered="1"/><counter type="CLASS" missed="0" covered="1"/></class><class name="net/florianschoppmann/java/type/AbstractTypes$SubstitutionVisitor"><method name="&lt;init&gt;" desc="(Lnet/florianschoppmann/java/type/AbstractTypes;)V" line="159"><counter type="INSTRUCTION" missed="0" covered="6"/><counter type="LINE" missed="0" covered="1"/><counter type="COMPLEXITY" missed="0" covered="1"/><counter type="METHOD" missed="0" covered="1"/></method><method name="substituteInList" desc="(Ljava/util/List;Lnet/florianschoppmann/java/type/AbstractTypes$Substitutions;)[Ljavax/lang/model/type/TypeMirror;" line="161"><counter type="INSTRUCTION" missed="0" covered="28"/><counter type="BRANCH" missed="0" covered="2"/><counter type="LINE" missed="0" covered="7"/><counter type="COMPLEXITY" missed="0" covered="2"/><counter type="METHOD" missed="0" covered="1"/></method><method name="visitDeclared" desc="(Ljavax/lang/model/type/DeclaredType;Lnet/florianschoppmann/java/type/AbstractTypes$Substitutions;)Ljavax/lang/model/type/TypeMirror;" line="172"><counter type="INSTRUCTION" missed="4" covered="35"/><counter type="BRANCH" missed="2" covered="4"/><counter type="LINE" missed="0" covered="7"/><counter type="COMPLEXITY" missed="2" covered="2"/><counter type="METHOD" missed="0" covered="1"/></method><method name="visitArray" desc="(Ljavax/lang/model/type/ArrayType;Lnet/florianschoppmann/java/type/AbstractTypes$Substitutions;)Ljavax/lang/model/type/TypeMirror;" line="185"><counter type="INSTRUCTION" missed="4" covered="14"/><counter type="BRANCH" missed="2" covered="2"/><counter type="LINE" missed="0" covered="2"/><counter type="COMPLEXITY" missed="2" covered="1"/><counter type="METHOD" missed="0" covered="1"/></method><method name="visitTypeVariable" desc="(Ljavax/lang/model/type/TypeVariable;Lnet/florianschoppmann/java/type/AbstractTypes$Substitutions;)Ljavax/lang/model/type/TypeMirror;" line="191"><counter type="INSTRUCTION" missed="4" covered="54"/><counter type="BRANCH" missed="3" covered="7"/><counter type="LINE" missed="0" covered="12"/><counter type="COMPLEXITY" missed="3" covered="3"/><counter type="METHOD" missed="0" covered="1"/></method><method name="visitWildcard" desc="(Ljavax/lang/model/type/WildcardType;Lnet/florianschoppmann/java/type/AbstractTypes$Substitutions;)Ljavax/lang/model/type/TypeMirror;" line="213"><counter type="INSTRUCTION" missed="10" covered="26"/><counter type="BRANCH" missed="3" covered="5"/><counter type="LINE" missed="0" covered="6"/><counter type="COMPLEXITY" missed="3" covered="2"/><counter type="METHOD" missed="0" covered="1"/></method><method name="visitIntersection" desc="(Lnet/florianschoppmann/java/type/IntersectionType;Lnet/florianschoppmann/java/type/AbstractTypes$Substitutions;)Ljavax/lang/model/type/TypeMirror;" line="229"><counter type="INSTRUCTION" missed="4" covered="13"/><counter type="BRANCH" missed="2" covered="2"/><counter type="LINE" missed="0" covered="2"/><counter type="COMPLEXITY" missed="2" covered="1"/><counter type="METHOD" missed="0" covered="1"/></method><method name="defaultAction" desc="(Ljavax/lang/model/type/TypeMirror;Lnet/florianschoppmann/java/type/AbstractTypes$Substitutions;)Ljavax/lang/model/type/TypeMirror;" line="235"><counter type="INSTRUCTION" missed="0" covered="2"/><counter type="LINE" missed="0" covered="1"/><counter type="COMPLEXITY" missed="0" covered="1"/><counter type="METHOD" missed="0" covered="1"/></method><method name="&lt;clinit&gt;" desc="()V" line="159"><counter type="INSTRUCTION" missed="2" covered="6"/><counter type="BRANCH" missed="1" covered="1"/><counter type="LINE" missed="0" covered="1"/><counter type="COMPLEXITY" missed="1" covered="1"/><counter type="METHOD" missed="0" covered="1"/></method><counter type="INSTRUCTION" missed="28" covered="184"/><counter type="BRANCH" missed="13" covered="23"/><counter type="LINE" missed="0" covered="38"/><counter type="COMPLEXITY" missed="13" covered="14"/><counter type="METHOD" missed="0" covered="9"/><counter type="CLASS" missed="0" covered="1"/></class><class name="net/florianschoppmann/java/type/AbstractTypes$ToStringVisitor"><method name="&lt;init&gt;" desc="(Lnet/florianschoppmann/java/type/AbstractTypes;)V" line="1254"><counter type="INSTRUCTION" missed="0" covered="6"/><counter type="LINE" missed="0" covered="1"/><counter type="COMPLEXITY" missed="0" covered="1"/><counter type="METHOD" missed="0" covered="1"/></method><method name="visitPrimitive" desc="(Ljavax/lang/model/type/PrimitiveType;Ljava/lang/StringBuilder;)Ljava/lang/Void;" line="1257"><counter type="INSTRUCTION" missed="4" covered="13"/><counter type="BRANCH" missed="2" covered="2"/><counter type="LINE" missed="0" covered="3"/><counter type="COMPLEXITY" missed="2" covered="1"/><counter type="METHOD" missed="0" covered="1"/></method><method name="visitNull" desc="(Ljavax/lang/model/type/NullType;Ljava/lang/StringBuilder;)Ljava/lang/Void;" line="1264"><counter type="INSTRUCTION" missed="4" covered="10"/><counter type="BRANCH" missed="2" covered="2"/><counter type="LINE" missed="0" covered="3"/><counter type="COMPLEXITY" missed="2" covered="1"/><counter type="METHOD" missed="0" covered="1"/></method><method name="visitNoType" desc="(Ljavax/lang/model/type/NoType;Ljava/lang/StringBuilder;)Ljava/lang/Void;" line="1271"><counter type="INSTRUCTION" missed="4" covered="13"/><counter type="BRANCH" missed="2" covered="2"/><counter type="LINE" missed="0" covered="3"/><counter type="COMPLEXITY" missed="2" covered="1"/><counter type="METHOD" missed="0" covered="1"/></method><method name="visitDeclared" desc="(Ljavax/lang/model/type/DeclaredType;Ljava/lang/StringBuilder;)Ljava/lang/Void;" line="1278"><counter type="INSTRUCTION" missed="4" covered="55"/><counter type="BRANCH" missed="2" covered="6"/><counter type="LINE" missed="0" covered="13"/><counter type="COMPLEXITY" missed="2" covered="3"/><counter type="METHOD" missed="0" covered="1"/></method><method name="visitArray" desc="(Ljavax/lang/model/type/ArrayType;Ljava/lang/StringBuilder;)Ljava/lang/Void;" line="1299"><counter type="INSTRUCTION" missed="4" covered="16"/><counter type="BRANCH" missed="2" covered="2"/><counter type="LINE" missed="0" covered="4"/><counter type="COMPLEXITY" missed="2" covered="1"/><counter type="METHOD" missed="0" covered="1"/></method><method name="visitTypeVariable" desc="(Ljavax/lang/model/type/TypeVariable;Ljava/lang/StringBuilder;)Ljava/lang/Void;" line="1307"><counter type="INSTRUCTION" missed="4" covered="33"/><counter type="BRANCH" missed="2" covered="4"/><counter type="LINE" missed="0" covered="8"/><counter type="COMPLEXITY" missed="2" covered="2"/><counter type="METHOD" missed="0" covered="1"/></method><method name="visitWildcard" desc="(Ljavax/lang/model/type/WildcardType;Ljava/lang/StringBuilder;)Ljava/lang/Void;" line="1321"><counter type="INSTRUCTION" missed="4" covered="38"/><counter type="BRANCH" missed="2" covered="6"/><counter type="LINE" missed="0" covered="11"/><counter type="COMPLEXITY" missed="2" covered="3"/><counter type="METHOD" missed="0" covered="1"/></method><method name="visitIntersection" desc="(Lnet/florianschoppmann/java/type/IntersectionType;Ljava/lang/StringBuilder;)Ljava/lang/Void;" line="1338"><counter type="INSTRUCTION" missed="4" covered="12"/><counter type="BRANCH" missed="2" covered="2"/><counter type="LINE" missed="0" covered="3"/><counter type="COMPLEXITY" missed="2" covered="1"/><counter type="METHOD" missed="0" covered="1"/></method><method name="appendList" desc="(Ljava/lang/StringBuilder;Ljava/util/List;Ljava/lang/String;)V" line="1344"><counter type="INSTRUCTION" missed="4" covered="33"/><counter type="BRANCH" missed="2" covered="6"/><counter type="LINE" missed="0" covered="9"/><counter type="COMPLEXITY" missed="2" covered="3"/><counter type="METHOD" missed="0" covered="1"/></method><method name="&lt;clinit&gt;" desc="()V" line="1254"><counter type="INSTRUCTION" missed="2" covered="6"/><counter type="BRANCH" missed="1" covered="1"/><counter type="LINE" missed="0" covered="1"/><counter type="COMPLEXITY" missed="1" covered="1"/><counter type="METHOD" missed="0" covered="1"/></method><counter type="INSTRUCTION" missed="38" covered="235"/><counter type="BRANCH" missed="19" covered="33"/><counter type="LINE" missed="0" covered="58"/><counter type="COMPLEXITY" missed="19" covered="18"/><counter type="METHOD" missed="0" covered="11"/><counter type="CLASS" missed="0" covered="1"/></class><class name="net/florianschoppmann/java/type/AbstractTypes$DeclaredTypeSubtypeVisitor"><method name="&lt;init&gt;" desc="(Lnet/florianschoppmann/java/type/AbstractTypes;)V" line="399"><counter type="INSTRUCTION" missed="0" covered="8"/><counter type="LINE" missed="0" covered="3"/><counter type="COMPLEXITY" missed="0" covered="1"/><counter type="METHOD" missed="0" covered="1"/></method><method name="visitDeclared" desc="(Ljavax/lang/model/type/DeclaredType;Ljavax/lang/model/type/DeclaredType;)Ljava/lang/Boolean;" line="412"><counter type="INSTRUCTION" missed="4" covered="86"/><counter type="BRANCH" missed="2" covered="16"/><counter type="LINE" missed="0" covered="22"/><counter type="COMPLEXITY" missed="2" covered="8"/><counter type="METHOD" missed="0" covered="1"/></method><method name="visitArray" desc="(Ljavax/lang/model/type/ArrayType;Ljavax/lang/model/type/DeclaredType;)Ljava/lang/Boolean;" line="469"><counter type="INSTRUCTION" missed="4" covered="30"/><counter type="BRANCH" missed="2" covered="8"/><counter type="LINE" missed="0" covered="4"/><counter type="COMPLEXITY" missed="2" covered="4"/><counter type="METHOD" missed="0" covered="1"/></method><method name="visitTypeVariable" desc="(Ljavax/lang/model/type/TypeVariable;Ljavax/lang/model/type/DeclaredType;)Ljava/lang/Boolean;" line="483"><counter type="INSTRUCTION" missed="4" covered="12"/><counter type="BRANCH" missed="2" covered="2"/><counter type="LINE" missed="0" covered="2"/><counter type="COMPLEXITY" missed="2" covered="1"/><counter type="METHOD" missed="0" covered="1"/></method><method name="visitIntersection" desc="(Lnet/florianschoppmann/java/type/IntersectionType;Ljavax/lang/model/type/DeclaredType;)Ljava/lang/Boolean;" line="496"><counter type="INSTRUCTION" missed="4" covered="28"/><counter type="BRANCH" missed="2" covered="6"/><counter type="LINE" missed="0" covered="6"/><counter type="COMPLEXITY" missed="2" covered="3"/><counter type="METHOD" missed="0" covered="1"/></method><method name="&lt;clinit&gt;" desc="()V" line="398"><counter type="INSTRUCTION" missed="2" covered="6"/><counter type="BRANCH" missed="1" covered="1"/><counter type="LINE" missed="0" covered="1"/><counter type="COMPLEXITY" missed="1" covered="1"/><counter type="METHOD" missed="0" covered="1"/></method><counter type="INSTRUCTION" missed="18" covered="170"/><counter type="BRANCH" missed="9" covered="33"/><counter type="LINE" missed="0" covered="38"/><counter type="COMPLEXITY" missed="9" covered="18"/><counter type="METHOD" missed="0" covered="6"/><counter type="CLASS" missed="0" covered="1"/></class><class name="net/florianschoppmann/java/type/ExtendedTypeKindVisitor7"><method name="&lt;init&gt;" desc="()V" line="30"><counter type="INSTRUCTION" missed="0" covered="4"/><counter type="LINE" missed="0" covered="2"/><counter type="COMPLEXITY" missed="0" covered="1"/><counter type="METHOD" missed="0" covered="1"/></method><method name="&lt;init&gt;" desc="(Ljava/lang/Object;)V" line="39"><counter type="INSTRUCTION" missed="0" covered="4"/><counter type="LINE" missed="0" covered="2"/><counter type="COMPLEXITY" missed="0" covered="1"/><counter type="METHOD" missed="0" covered="1"/></method><method name="visitUnknown" desc="(Ljavax/lang/model/type/TypeMirror;Ljava/lang/Object;)Ljava/lang/Object;" line="57"><counter type="INSTRUCTION" missed="0" covered="21"/><counter type="BRANCH" missed="0" covered="4"/><counter type="LINE" missed="0" covered="4"/><counter type="COMPLEXITY" missed="0" covered="3"/><counter type="METHOD" missed="0" covered="1"/></method><method name="visitOther" desc="(Ljavax/lang/model/type/TypeMirror;Ljava/lang/Object;)Ljava/lang/Object;" line="79"><counter type="INSTRUCTION" missed="0" covered="6"/><counter type="LINE" missed="0" covered="1"/><counter type="COMPLEXITY" missed="0" covered="1"/><counter type="METHOD" missed="0" covered="1"/></method><method name="visitIntersection" desc="(Lnet/florianschoppmann/java/type/IntersectionType;Ljava/lang/Object;)Ljava/lang/Object;" line="91"><counter type="INSTRUCTION" missed="0" covered="5"/><counter type="LINE" missed="0" covered="1"/><counter type="COMPLEXITY" missed="0" covered="1"/><counter type="METHOD" missed="0" covered="1"/></method><counter type="INSTRUCTION" missed="0" covered="40"/><counter type="BRANCH" missed="0" covered="4"/><counter type="LINE" missed="0" covered="10"/><counter type="COMPLEXITY" missed="0" covered="7"/><counter type="METHOD" missed="0" covered="5"/><counter type="CLASS" missed="0" covered="1"/></class><class name="net/florianschoppmann/java/type/AbstractTypes"><method name="&lt;init&gt;" desc="()V" line="58"><counter type="INSTRUCTION" missed="0" covered="38"/><counter type="LINE" missed="0" covered="7"/><counter type="COMPLEXITY" missed="0" covered="1"/><counter type="METHOD" missed="0" covered="1"/></method><method name="requireValidTypes" desc="([Ljavax/lang/model/type/TypeMirror;)V" line="106"><counter type="INSTRUCTION" missed="0" covered="24"/><counter type="BRANCH" missed="0" covered="2"/><counter type="LINE" missed="0" covered="4"/><counter type="COMPLEXITY" missed="0" covered="2"/><counter type="METHOD" missed="0" covered="1"/></method><method name="substitute" desc="(Ljavax/lang/model/type/TypeMirror;Ljava/util/Map;)Ljavax/lang/model/type/TypeMirror;" line="265"><counter type="INSTRUCTION" missed="4" covered="133"/><counter type="BRANCH" missed="3" covered="11"/><counter type="LINE" missed="0" covered="27"/><counter type="COMPLEXITY" missed="3" covered="5"/><counter type="METHOD" missed="0" covered="1"/></method><method name="resolveActualTypeArguments" desc="(Ljavax/lang/model/element/TypeElement;Ljavax/lang/model/type/TypeMirror;)Ljava/util/List;" line="340"><counter type="INSTRUCTION" missed="0" covered="99"/><counter type="BRANCH" missed="0" covered="14"/><counter type="LINE" missed="0" covered="24"/><counter type="COMPLEXITY" missed="0" covered="8"/><counter type="METHOD" missed="0" covered="1"/></method><method name="isSubtype" desc="(Ljavax/lang/model/type/TypeMirror;Ljavax/lang/model/type/TypeMirror;)Z" line="618"><counter type="INSTRUCTION" missed="0" covered="29"/><counter type="BRANCH" missed="0" covered="4"/><counter type="LINE" missed="0" covered="5"/><counter type="COMPLEXITY" missed="0" covered="3"/><counter type="METHOD" missed="0" covered="1"/></method><method name="contains" desc="(Ljavax/lang/model/type/TypeMirror;Ljavax/lang/model/type/TypeMirror;)Z" line="644"><counter type="INSTRUCTION" missed="0" covered="127"/><counter type="BRANCH" missed="0" covered="32"/><counter type="LINE" missed="0" covered="31"/><counter type="COMPLEXITY" missed="0" covered="17"/><counter type="METHOD" missed="0" covered="1"/></method><method name="directSupertypesOfTypeDeclaration" desc="(Ljavax/lang/model/element/TypeElement;)Ljava/util/List;" line="726"><counter type="INSTRUCTION" missed="0" covered="55"/><counter type="BRANCH" missed="0" covered="8"/><counter type="LINE" missed="0" covered="11"/><counter type="COMPLEXITY" missed="0" covered="5"/><counter type="METHOD" missed="0" covered="1"/></method><method name="getShortestPathToSuperType" desc="(Ljavax/lang/model/element/TypeElement;Ljavax/lang/model/type/DeclaredType;)Ljava/util/List;" line="811"><counter type="INSTRUCTION" missed="4" covered="149"/><counter type="BRANCH" missed="4" covered="20"/><counter type="LINE" missed="0" covered="31"/><counter type="COMPLEXITY" missed="4" covered="9"/><counter type="METHOD" missed="0" covered="1"/></method><method name="erasure" desc="(Ljavax/lang/model/type/TypeMirror;)Ljavax/lang/model/type/TypeMirror;" line="936"><counter type="INSTRUCTION" missed="0" covered="13"/><counter type="LINE" missed="0" covered="3"/><counter type="COMPLEXITY" missed="0" covered="1"/><counter type="METHOD" missed="0" covered="1"/></method><method name="asElement" desc="(Ljavax/lang/model/type/TypeMirror;)Ljavax/lang/model/element/Element;" line="953"><counter type="INSTRUCTION" missed="0" covered="24"/><counter type="BRANCH" missed="0" covered="4"/><counter type="LINE" missed="0" covered="7"/><counter type="COMPLEXITY" missed="0" covered="3"/><counter type="METHOD" missed="0" covered="1"/></method><method name="isSameType" desc="(Ljavax/lang/model/type/TypeMirror;Ljavax/lang/model/type/TypeMirror;)Z" line="977"><counter type="INSTRUCTION" missed="0" covered="22"/><counter type="BRANCH" missed="0" covered="4"/><counter type="LINE" missed="0" covered="3"/><counter type="COMPLEXITY" missed="0" covered="3"/><counter type="METHOD" missed="0" covered="1"/></method><method name="greatestLowerBound" desc="(Ljavax/lang/model/type/TypeMirror;Ljavax/lang/model/type/TypeMirror;)[Ljavax/lang/model/type/TypeMirror;" line="997"><counter type="INSTRUCTION" missed="0" covered="53"/><counter type="BRANCH" missed="1" covered="7"/><counter type="LINE" missed="0" covered="16"/><counter type="COMPLEXITY" missed="1" covered="4"/><counter type="METHOD" missed="0" covered="1"/></method><method name="captureWildcardArgument" desc="(Ljavax/lang/model/type/WildcardType;Ljavax/lang/model/element/TypeParameterElement;)Ljavax/lang/model/type/TypeVariable;" line="1026"><counter type="INSTRUCTION" missed="4" covered="50"/><counter type="BRANCH" missed="2" covered="8"/><counter type="LINE" missed="0" covered="14"/><counter type="COMPLEXITY" missed="2" covered="4"/><counter type="METHOD" missed="0" covered="1"/></method><method name="capture" desc="(Ljavax/lang/model/type/TypeMirror;)Ljavax/lang/model/type/TypeMirror;" line="1075"><counter type="INSTRUCTION" missed="0" covered="110"/><counter type="BRANCH" missed="0" covered="10"/><counter type="LINE" missed="0" covered="27"/><counter type="COMPLEXITY" missed="0" covered="6"/><counter type="METHOD" missed="0" covered="1"/></method><method name="getTypeVariable" desc="(Ljavax/lang/model/element/TypeParameterElement;Ljavax/lang/model/type/TypeMirror;Ljavax/lang/model/type/TypeMirror;Ljavax/lang/model/type/WildcardType;)Ljavax/lang/model/type/TypeVariable;" line="1155"><counter type="INSTRUCTION" missed="0" covered="30"/><counter type="LINE" missed="0" covered="9"/><counter type="COMPLEXITY" missed="0" covered="1"/><counter type="METHOD" missed="0" covered="1"/></method><method name="toString" desc="(Ljavax/lang/model/type/TypeMirror;)Ljava/lang/String;" line="1365"><counter type="INSTRUCTION" missed="0" covered="19"/><counter type="LINE" missed="0" covered="4"/><counter type="COMPLEXITY" missed="0" covered="1"/><counter type="METHOD" missed="0" covered="1"/></method><method name="&lt;clinit&gt;" desc="()V" line="58"><counter type="INSTRUCTION" missed="2" covered="27"/><counter type="BRANCH" missed="1" covered="1"/><counter type="LINE" missed="0" covered="2"/><counter type="COMPLEXITY" missed="1" covered="1"/><counter type="METHOD" missed="0" covered="1"/></method><counter type="INSTRUCTION" missed="14" covered="1002"/><counter type="BRANCH" missed="11" covered="125"/><counter type="LINE" missed="0" covered="224"/><counter type="COMPLEXITY" missed="11" covered="74"/><counter type="METHOD" missed="0" covered="17"/><counter type="CLASS" missed="0" covered="1"/></class><sourcefile name="ExtendedTypeKindVisitor7.java"><line nr="30" mi="0" ci="3" mb="0" cb="0"/><line nr="31" mi="0" ci="1" mb="0" cb="0"/><line nr="39" mi="0" ci="3" mb="0" cb="0"/><line nr="40" mi="0" ci="1" mb="0" cb="0"/><line nr="57" mi="0" ci="3" mb="0" cb="0"/><line nr="58" mi="0" ci="7" mb="0" cb="4"/><line nr="59" mi="0" ci="6" mb="0" cb="0"/><line nr="61" mi="0" ci="5" mb="0" cb="0"/><line nr="79" mi="0" ci="6" mb="0" cb="0"/><line nr="91" mi="0" ci="5" mb="0" cb="0"/><counter type="INSTRUCTION" missed="0" covered="40"/><counter type="BRANCH" missed="0" covered="4"/><counter type="LINE" missed="0" covered="10"/><counter type="COMPLEXITY" missed="0" covered="7"/><counter type="METHOD" missed="0" covered="5"/><counter type="CLASS" missed="0" covered="1"/></sourcefile><sourcefile name="AbstractTypes.java"><line nr="58" mi="2" ci="7" mb="1" cb="1"/><line nr="59" mi="0" ci="22" mb="0" cb="0"/><line nr="64" mi="0" ci="7" mb="0" cb="0"/><line nr="65" mi="0" ci="7" mb="0" cb="0"/><line nr="66" mi="0" ci="7" mb="0" cb="0"/><line nr="67" mi="0" ci="7" mb="0" cb="0"/><line nr="68" mi="0" ci="7" mb="0" cb="0"/><line nr="106" mi="0" ci="16" mb="0" cb="2"/><line nr="107" mi="0" ci="4" mb="0" cb="0"/><line nr="108" mi="0" ci="3" mb="0" cb="0"/><line nr="110" mi="0" ci="1" mb="0" cb="0"/><line nr="143" mi="0" ci="2" mb="0" cb="0"/><line nr="144" mi="0" ci="3" mb="0" cb="0"/><line nr="145" mi="0" ci="3" mb="0" cb="0"/><line nr="146" mi="0" ci="1" mb="0" cb="0"/><line nr="159" mi="2" ci="12" mb="1" cb="1"/><line nr="161" mi="0" ci="4" mb="0" cb="0"/><line nr="162" mi="0" ci="2" mb="0" cb="0"/><line nr="163" mi="0" ci="10" mb="0" cb="2"/><line nr="164" mi="0" ci="8" mb="0" cb="0"/><line nr="165" mi="0" ci="1" mb="0" cb="0"/><line nr="166" mi="0" ci="1" mb="0" cb="0"/><line nr="167" mi="0" ci="2" mb="0" cb="0"/><line nr="172" mi="4" ci="4" mb="2" cb="2"/><line nr="173" mi="0" ci="3" mb="0" cb="0"/><line nr="174" mi="0" ci="4" mb="0" cb="0"/><line nr="175" mi="0" ci="6" mb="0" cb="0"/><line nr="176" mi="0" ci="4" mb="0" cb="2"/><line nr="177" mi="0" ci="8" mb="0" cb="0"/><line nr="179" mi="0" ci="6" mb="0" cb="0"/><line nr="185" mi="4" ci="4" mb="2" cb="2"/><line nr="186" mi="0" ci="10" mb="0" cb="0"/><line nr="191" mi="4" ci="4" mb="2" cb="2"/><line nr="192" mi="0" ci="4" mb="0" cb="0"/><line nr="193" mi="0" ci="6" mb="0" cb="0"/><line nr="194" mi="0" ci="7" mb="1" cb="3"/><line nr="195" mi="0" ci="2" mb="0" cb="0"/><line nr="198" mi="0" ci="6" mb="0" cb="0"/><line nr="199" mi="0" ci="2" mb="0" cb="2"/><line nr="200" mi="0" ci="2" mb="0" cb="0"/><line nr="203" mi="0" ci="6" mb="0" cb="0"/><line nr="205" mi="0" ci="6" mb="0" cb="0"/><line nr="206" mi="0" ci="8" mb="0" cb="0"/><line nr="207" mi="0" ci="1" mb="0" cb="0"/><line nr="213" mi="4" ci="4" mb="2" cb="2"/><line nr="214" mi="0" ci="3" mb="0" cb="0"/><line nr="215" mi="0" ci="3" mb="0" cb="0"/><line nr="217" mi="0" ci="9" mb="0" cb="2"/><line nr="219" mi="3" ci="6" mb="1" cb="1"/><line nr="222" mi="3" ci="1" mb="0" cb="0"/><line nr="229" mi="4" ci="4" mb="2" cb="2"/><line nr="230" mi="0" ci="9" mb="0" cb="0"/><line nr="235" mi="0" ci="2" mb="0" cb="0"/><line nr="265" mi="0" ci="3" mb="0" cb="0"/><line nr="266" mi="0" ci="3" mb="0" cb="0"/><line nr="267" mi="0" ci="3" mb="0" cb="0"/><line nr="268" mi="0" ci="11" mb="0" cb="2"/><line nr="269" mi="0" ci="4" mb="0" cb="0"/><line nr="270" mi="0" ci="3" mb="0" cb="0"/><line nr="271" mi="0" ci="1" mb="0" cb="0"/><line nr="273" mi="0" ci="4" mb="0" cb="0"/><line nr="274" mi="0" ci="11" mb="0" cb="2"/><line nr="275" mi="0" ci="4" mb="0" cb="0"/><line nr="276" mi="0" ci="4" mb="0" cb="2"/><line nr="277" mi="0" ci="4" mb="0" cb="0"/><line nr="278" mi="0" ci="3" mb="0" cb="0"/><line nr="279" mi="0" ci="7" mb="1" cb="1"/><line nr="280" mi="4" ci="6" mb="2" cb="2"/><line nr="282" mi="0" ci="8" mb="0" cb="0"/><line nr="284" mi="0" ci="2" mb="0" cb="0"/><line nr="288" mi="0" ci="1" mb="0" cb="0"/><line nr="290" mi="0" ci="7" mb="0" cb="0"/><line nr="291" mi="0" ci="11" mb="0" cb="2"/><line nr="292" mi="0" ci="6" mb="0" cb="0"/><line nr="293" mi="0" ci="3" mb="0" cb="0"/><line nr="294" mi="0" ci="3" mb="0" cb="0"/><line nr="295" mi="0" ci="7" mb="0" cb="0"/><line nr="296" mi="0" ci="6" mb="0" cb="0"/><line nr="298" mi="0" ci="1" mb="0" cb="0"/><line nr="300" mi="0" ci="7" mb="0" cb="0"/><line nr="340" mi="0" ci="5" mb="0" cb="0"/><line nr="341" mi="0" ci="5" mb="0" cb="0"/><line nr="343" mi="0" ci="4" mb="0" cb="2"/><line nr="344" mi="0" ci="2" mb="0" cb="0"/><line nr="347" mi="0" ci="3" mb="0" cb="0"/><line nr="351" mi="0" ci="5" mb="0" cb="0"/><line nr="352" mi="0" ci="2" mb="0" cb="2"/><line nr="353" mi="0" ci="2" mb="0" cb="0"/><line nr="358" mi="0" ci="4" mb="0" cb="2"/><line nr="359" mi="0" ci="2" mb="0" cb="0"/><line nr="362" mi="0" ci="3" mb="0" cb="0"/><line nr="363" mi="0" ci="4" mb="0" cb="0"/><line nr="364" mi="0" ci="3" mb="0" cb="2"/><line nr="365" mi="0" ci="4" mb="0" cb="0"/><line nr="371" mi="0" ci="8" mb="0" cb="4"/><line nr="372" mi="0" ci="4" mb="0" cb="0"/><line nr="375" mi="0" ci="3" mb="0" cb="0"/><line nr="376" mi="0" ci="3" mb="0" cb="0"/><line nr="378" mi="0" ci="4" mb="0" cb="0"/><line nr="379" mi="0" ci="8" mb="0" cb="2"/><line nr="380" mi="0" ci="9" mb="0" cb="0"/><line nr="383" mi="0" ci="8" mb="0" cb="0"/><line nr="384" mi="0" ci="1" mb="0" cb="0"/><line nr="385" mi="0" ci="3" mb="0" cb="0"/><line nr="398" mi="2" ci="6" mb="1" cb="1"/><line nr="399" mi="0" ci="3" mb="0" cb="0"/><line nr="400" mi="0" ci="4" mb="0" cb="0"/><line nr="401" mi="0" ci="1" mb="0" cb="0"/><line nr="412" mi="4" ci="4" mb="2" cb="2"/><line nr="413" mi="0" ci="2" mb="0" cb="0"/><line nr="424" mi="0" ci="11" mb="0" cb="2"/><line nr="425" mi="0" ci="4" mb="0" cb="2"/><line nr="426" mi="0" ci="6" mb="0" cb="0"/><line nr="427" mi="0" ci="1" mb="0" cb="0"/><line nr="429" mi="0" ci="1" mb="0" cb="0"/><line nr="432" mi="0" ci="4" mb="0" cb="0"/><line nr="433" mi="0" ci="4" mb="0" cb="0"/><line nr="434" mi="0" ci="2" mb="0" cb="0"/><line nr="436" mi="0" ci="2" mb="0" cb="2"/><line nr="438" mi="0" ci="3" mb="0" cb="0"/><line nr="441" mi="0" ci="3" mb="0" cb="0"/><line nr="442" mi="0" ci="6" mb="0" cb="4"/><line nr="446" mi="0" ci="3" mb="0" cb="0"/><line nr="451" mi="0" ci="3" mb="0" cb="0"/><line nr="452" mi="0" ci="10" mb="0" cb="2"/><line nr="453" mi="0" ci="4" mb="0" cb="0"/><line nr="454" mi="0" ci="6" mb="0" cb="2"/><line nr="455" mi="0" ci="3" mb="0" cb="0"/><line nr="457" mi="0" ci="1" mb="0" cb="0"/><line nr="458" mi="0" ci="3" mb="0" cb="0"/><line nr="469" mi="4" ci="4" mb="2" cb="2"/><line nr="470" mi="0" ci="12" mb="0" cb="2"/><line nr="471" mi="0" ci="7" mb="0" cb="2"/><line nr="472" mi="0" ci="7" mb="0" cb="2"/><line nr="483" mi="4" ci="4" mb="2" cb="2"/><line nr="484" mi="0" ci="8" mb="0" cb="0"/><line nr="496" mi="4" ci="4" mb="2" cb="2"/><line nr="497" mi="0" ci="11" mb="0" cb="2"/><line nr="498" mi="0" ci="6" mb="0" cb="2"/><line nr="499" mi="0" ci="3" mb="0" cb="0"/><line nr="501" mi="0" ci="1" mb="0" cb="0"/><line nr="502" mi="0" ci="3" mb="0" cb="0"/><line nr="524" mi="2" ci="6" mb="1" cb="1"/><line nr="525" mi="0" ci="3" mb="0" cb="0"/><line nr="526" mi="0" ci="4" mb="0" cb="0"/><line nr="527" mi="0" ci="1" mb="0" cb="0"/><line nr="539" mi="4" ci="4" mb="2" cb="2"/><line nr="540" mi="0" ci="10" mb="0" cb="2"/><line nr="541" mi="0" ci="8" mb="0" cb="2"/><line nr="551" mi="4" ci="4" mb="2" cb="2"/><line nr="552" mi="0" ci="8" mb="0" cb="0"/><line nr="555" mi="0" ci="30" mb="0" cb="0"/><line nr="558" mi="0" ci="6" mb="0" cb="0"/><line nr="565" mi="4" ci="4" mb="2" cb="2"/><line nr="566" mi="0" ci="4" mb="0" cb="2"/><line nr="567" mi="0" ci="3" mb="0" cb="0"/><line nr="570" mi="0" ci="6" mb="0" cb="0"/><line nr="571" mi="0" ci="6" mb="0" cb="0"/><line nr="572" mi="0" ci="22" mb="1" cb="9"/><line nr="583" mi="4" ci="4" mb="2" cb="2"/><line nr="584" mi="0" ci="8" mb="0" cb="0"/><line nr="600" mi="4" ci="4" mb="2" cb="2"/><line nr="601" mi="0" ci="7" mb="0" cb="0"/><line nr="618" mi="0" ci="5" mb="0" cb="0"/><line nr="619" mi="0" ci="5" mb="0" cb="0"/><line nr="622" mi="0" ci="9" mb="0" cb="4"/><line nr="623" mi="0" ci="2" mb="0" cb="0"/><line nr="626" mi="0" ci="8" mb="0" cb="0"/><line nr="644" mi="0" ci="3" mb="0" cb="0"/><line nr="645" mi="0" ci="3" mb="0" cb="0"/><line nr="646" mi="0" ci="3" mb="0" cb="0"/><line nr="647" mi="0" ci="3" mb="0" cb="0"/><line nr="665" mi="0" ci="4" mb="0" cb="2"/><line nr="666" mi="0" ci="4" mb="0" cb="0"/><line nr="667" mi="0" ci="4" mb="0" cb="0"/><line nr="668" mi="0" ci="6" mb="0" cb="2"/><line nr="669" mi="0" ci="6" mb="0" cb="2"/><line nr="671" mi="0" ci="4" mb="0" cb="2"/><line nr="673" mi="0" ci="4" mb="0" cb="0"/><line nr="674" mi="0" ci="4" mb="0" cb="0"/><line nr="676" mi="0" ci="2" mb="0" cb="2"/><line nr="677" mi="0" ci="2" mb="0" cb="2"/><line nr="679" mi="0" ci="5" mb="0" cb="0"/><line nr="680" mi="0" ci="2" mb="0" cb="2"/><line nr="682" mi="0" ci="2" mb="0" cb="0"/><line nr="685" mi="0" ci="2" mb="0" cb="0"/><line nr="686" mi="0" ci="2" mb="0" cb="2"/><line nr="687" mi="0" ci="2" mb="0" cb="2"/><line nr="689" mi="0" ci="5" mb="0" cb="0"/><line nr="693" mi="0" ci="6" mb="0" cb="2"/><line nr="694" mi="0" ci="7" mb="0" cb="2"/><line nr="700" mi="0" ci="8" mb="0" cb="4"/><line nr="701" mi="0" ci="7" mb="0" cb="2"/><line nr="706" mi="0" ci="2" mb="0" cb="2"/><line nr="708" mi="0" ci="8" mb="0" cb="0"/><line nr="709" mi="0" ci="2" mb="0" cb="2"/><line nr="711" mi="0" ci="8" mb="0" cb="0"/><line nr="714" mi="0" ci="2" mb="0" cb="0"/><line nr="718" mi="0" ci="5" mb="0" cb="0"/><line nr="726" mi="0" ci="3" mb="0" cb="0"/><line nr="727" mi="0" ci="3" mb="0" cb="0"/><line nr="728" mi="0" ci="8" mb="0" cb="0"/><line nr="729" mi="0" ci="4" mb="0" cb="2"/><line nr="730" mi="0" ci="5" mb="0" cb="0"/><line nr="732" mi="0" ci="10" mb="0" cb="2"/><line nr="733" mi="0" ci="5" mb="0" cb="0"/><line nr="734" mi="0" ci="1" mb="0" cb="0"/><line nr="735" mi="0" ci="7" mb="0" cb="4"/><line nr="736" mi="0" ci="7" mb="0" cb="0"/><line nr="738" mi="0" ci="2" mb="0" cb="0"/><line nr="758" mi="0" ci="2" mb="0" cb="0"/><line nr="759" mi="0" ci="3" mb="0" cb="0"/><line nr="760" mi="0" ci="3" mb="0" cb="0"/><line nr="761" mi="0" ci="3" mb="0" cb="0"/><line nr="762" mi="0" ci="3" mb="0" cb="0"/><line nr="763" mi="0" ci="1" mb="0" cb="0"/><line nr="775" mi="0" ci="6" mb="0" cb="0"/><line nr="776" mi="0" ci="3" mb="0" cb="0"/><line nr="777" mi="0" ci="2" mb="0" cb="0"/><line nr="778" mi="0" ci="3" mb="0" cb="2"/><line nr="779" mi="0" ci="1" mb="0" cb="0"/><line nr="780" mi="0" ci="5" mb="0" cb="0"/><line nr="781" mi="0" ci="4" mb="0" cb="0"/><line nr="783" mi="0" ci="4" mb="0" cb="0"/><line nr="784" mi="0" ci="3" mb="0" cb="0"/><line nr="811" mi="0" ci="4" mb="0" cb="0"/><line nr="813" mi="0" ci="4" mb="0" cb="0"/><line nr="814" mi="0" ci="4" mb="0" cb="0"/><line nr="817" mi="0" ci="12" mb="0" cb="0"/><line nr="819" mi="0" ci="4" mb="0" cb="0"/><line nr="824" mi="0" ci="3" mb="0" cb="2"/><line nr="826" mi="0" ci="2" mb="0" cb="0"/><line nr="827" mi="0" ci="10" mb="0" cb="2"/><line nr="828" mi="0" ci="5" mb="0" cb="0"/><line nr="829" mi="0" ci="7" mb="1" cb="3"/><line nr="830" mi="0" ci="2" mb="0" cb="0"/><line nr="832" mi="0" ci="1" mb="0" cb="0"/><line nr="835" mi="4" ci="7" mb="3" cb="3"/><line nr="839" mi="0" ci="5" mb="0" cb="2"/><line nr="840" mi="0" ci="4" mb="0" cb="0"/><line nr="844" mi="0" ci="5" mb="0" cb="0"/><line nr="845" mi="0" ci="4" mb="0" cb="0"/><line nr="847" mi="0" ci="13" mb="0" cb="2"/><line nr="850" mi="0" ci="4" mb="0" cb="0"/><line nr="851" mi="0" ci="5" mb="0" cb="0"/><line nr="853" mi="0" ci="2" mb="0" cb="2"/><line nr="854" mi="0" ci="9" mb="0" cb="0"/><line nr="855" mi="0" ci="5" mb="0" cb="0"/><line nr="858" mi="0" ci="5" mb="0" cb="0"/><line nr="859" mi="0" ci="7" mb="0" cb="4"/><line nr="860" mi="0" ci="4" mb="0" cb="0"/><line nr="861" mi="0" ci="4" mb="0" cb="0"/><line nr="862" mi="0" ci="4" mb="0" cb="0"/><line nr="864" mi="0" ci="1" mb="0" cb="0"/><line nr="865" mi="0" ci="1" mb="0" cb="0"/><line nr="866" mi="0" ci="2" mb="0" cb="0"/><line nr="874" mi="0" ci="6" mb="0" cb="0"/><line nr="877" mi="0" ci="3" mb="0" cb="0"/><line nr="878" mi="0" ci="9" mb="0" cb="2"/><line nr="880" mi="0" ci="4" mb="0" cb="0"/><line nr="881" mi="0" ci="10" mb="0" cb="0"/><line nr="889" mi="0" ci="9" mb="0" cb="0"/><line nr="901" mi="0" ci="6" mb="0" cb="0"/><line nr="913" mi="0" ci="9" mb="0" cb="0"/><line nr="923" mi="0" ci="2" mb="0" cb="0"/><line nr="936" mi="0" ci="3" mb="0" cb="0"/><line nr="937" mi="0" ci="3" mb="0" cb="0"/><line nr="939" mi="0" ci="7" mb="0" cb="0"/><line nr="953" mi="0" ci="3" mb="0" cb="0"/><line nr="954" mi="0" ci="3" mb="0" cb="0"/><line nr="956" mi="0" ci="4" mb="0" cb="2"/><line nr="957" mi="0" ci="4" mb="0" cb="0"/><line nr="958" mi="0" ci="4" mb="0" cb="2"/><line nr="959" mi="0" ci="4" mb="0" cb="0"/><line nr="961" mi="0" ci="2" mb="0" cb="0"/><line nr="977" mi="0" ci="5" mb="0" cb="0"/><line nr="978" mi="0" ci="5" mb="0" cb="0"/><line nr="980" mi="0" ci="12" mb="0" cb="4"/><line nr="997" mi="0" ci="2" mb="0" cb="0"/><line nr="998" mi="0" ci="3" mb="0" cb="2"/><line nr="999" mi="0" ci="3" mb="0" cb="0"/><line nr="1000" mi="0" ci="3" mb="1" cb="1"/><line nr="1001" mi="0" ci="3" mb="0" cb="0"/><line nr="1002" mi="0" ci="6" mb="0" cb="0"/><line nr="1003" mi="0" ci="2" mb="0" cb="0"/><line nr="1004" mi="0" ci="10" mb="0" cb="2"/><line nr="1005" mi="0" ci="1" mb="0" cb="0"/><line nr="1006" mi="0" ci="4" mb="0" cb="0"/><line nr="1007" mi="0" ci="1" mb="0" cb="0"/><line nr="1011" mi="0" ci="2" mb="0" cb="2"/><line nr="1012" mi="0" ci="3" mb="0" cb="0"/><line nr="1013" mi="0" ci="4" mb="0" cb="0"/><line nr="1016" mi="0" ci="4" mb="0" cb="0"/><line nr="1017" mi="0" ci="2" mb="0" cb="0"/><line nr="1026" mi="0" ci="4" mb="0" cb="0"/><line nr="1029" mi="0" ci="3" mb="0" cb="0"/><line nr="1032" mi="0" ci="3" mb="0" cb="0"/><line nr="1033" mi="0" ci="3" mb="0" cb="0"/><line nr="1040" mi="0" ci="4" mb="0" cb="4"/><line nr="1043" mi="0" ci="2" mb="0" cb="0"/><line nr="1044" mi="0" ci="4" mb="0" cb="0"/><line nr="1045" mi="0" ci="2" mb="0" cb="2"/><line nr="1052" mi="0" ci="6" mb="0" cb="0"/><line nr="1053" mi="0" ci="4" mb="0" cb="0"/><line nr="1057" mi="4" ci="4" mb="2" cb="2"/><line nr="1059" mi="0" ci="2" mb="0" cb="0"/><line nr="1060" mi="0" ci="2" mb="0" cb="0"/><line nr="1063" mi="0" ci="7" mb="0" cb="0"/><line nr="1075" mi="0" ci="3" mb="0" cb="0"/><line nr="1076" mi="0" ci="3" mb="0" cb="0"/><line nr="1080" mi="0" ci="4" mb="0" cb="2"/><line nr="1081" mi="0" ci="2" mb="0" cb="0"/><line nr="1084" mi="0" ci="3" mb="0" cb="0"/><line nr="1085" mi="0" ci="3" mb="0" cb="0"/><line nr="1086" mi="0" ci="3" mb="0" cb="2"/><line nr="1087" mi="0" ci="2" mb="0" cb="0"/><line nr="1090" mi="0" ci="4" mb="0" cb="0"/><line nr="1091" mi="0" ci="3" mb="0" cb="0"/><line nr="1092" mi="0" ci="4" mb="0" cb="0"/><line nr="1093" mi="0" ci="4" mb="0" cb="0"/><line nr="1094" mi="0" ci="4" mb="0" cb="0"/><line nr="1095" mi="0" ci="8" mb="0" cb="2"/><line nr="1096" mi="0" ci="4" mb="0" cb="0"/><line nr="1097" mi="0" ci="4" mb="0" cb="0"/><line nr="1100" mi="0" ci="4" mb="0" cb="2"/><line nr="1101" mi="0" ci="4" mb="0" cb="0"/><line nr="1102" mi="0" ci="3" mb="0" cb="0"/><line nr="1106" mi="0" ci="5" mb="0" cb="0"/><line nr="1107" mi="0" ci="6" mb="0" cb="0"/><line nr="1109" mi="0" ci="5" mb="0" cb="0"/><line nr="1112" mi="0" ci="3" mb="0" cb="0"/><line nr="1117" mi="0" ci="4" mb="0" cb="2"/><line nr="1118" mi="0" ci="8" mb="0" cb="0"/><line nr="1120" mi="0" ci="5" mb="0" cb="0"/><line nr="1123" mi="0" ci="5" mb="0" cb="0"/><line nr="1155" mi="0" ci="3" mb="0" cb="0"/><line nr="1156" mi="0" ci="3" mb="0" cb="0"/><line nr="1157" mi="0" ci="3" mb="0" cb="0"/><line nr="1158" mi="0" ci="3" mb="0" cb="0"/><line nr="1159" mi="0" ci="3" mb="0" cb="0"/><line nr="1160" mi="0" ci="3" mb="0" cb="0"/><line nr="1162" mi="0" ci="5" mb="0" cb="0"/><line nr="1163" mi="0" ci="5" mb="0" cb="0"/><line nr="1164" mi="0" ci="2" mb="0" cb="0"/><line nr="1254" mi="2" ci="13" mb="1" cb="1"/><line nr="1257" mi="4" ci="4" mb="2" cb="2"/><line nr="1258" mi="0" ci="7" mb="0" cb="0"/><line nr="1259" mi="0" ci="2" mb="0" cb="0"/><line nr="1264" mi="4" ci="4" mb="2" cb="2"/><line nr="1265" mi="0" ci="4" mb="0" cb="0"/><line nr="1266" mi="0" ci="2" mb="0" cb="0"/><line nr="1271" mi="4" ci="4" mb="2" cb="2"/><line nr="1272" mi="0" ci="7" mb="0" cb="0"/><line nr="1273" mi="0" ci="2" mb="0" cb="0"/><line nr="1278" mi="4" ci="4" mb="2" cb="2"/><line nr="1279" mi="0" ci="3" mb="0" cb="0"/><line nr="1280" mi="0" ci="4" mb="0" cb="0"/><line nr="1281" mi="0" ci="4" mb="0" cb="2"/><line nr="1282" mi="0" ci="6" mb="0" cb="0"/><line nr="1283" mi="0" ci="8" mb="0" cb="0"/><line nr="1285" mi="0" ci="5" mb="0" cb="0"/><line nr="1288" mi="0" ci="3" mb="0" cb="0"/><line nr="1289" mi="0" ci="3" mb="0" cb="2"/><line nr="1290" mi="0" ci="4" mb="0" cb="0"/><line nr="1291" mi="0" ci="5" mb="0" cb="0"/><line nr="1292" mi="0" ci="4" mb="0" cb="0"/><line nr="1294" mi="0" ci="2" mb="0" cb="0"/><line nr="1299" mi="4" ci="4" mb="2" cb="2"/><line nr="1300" mi="0" ci="6" mb="0" cb="0"/><line nr="1301" mi="0" ci="4" mb="0" cb="0"/><line nr="1302" mi="0" ci="2" mb="0" cb="0"/><line nr="1307" mi="4" ci="4" mb="2" cb="2"/><line nr="1308" mi="0" ci="5" mb="0" cb="0"/><line nr="1309" mi="0" ci="2" mb="0" cb="2"/><line nr="1310" mi="0" ci="4" mb="0" cb="0"/><line nr="1311" mi="0" ci="5" mb="0" cb="0"/><line nr="1312" mi="0" ci="5" mb="0" cb="0"/><line nr="1314" mi="0" ci="6" mb="0" cb="0"/><line nr="1316" mi="0" ci="2" mb="0" cb="0"/><line nr="1321" mi="4" ci="4" mb="2" cb="2"/><line nr="1322" mi="0" ci="4" mb="0" cb="0"/><line nr="1323" mi="0" ci="3" mb="0" cb="0"/><line nr="1324" mi="0" ci="2" mb="0" cb="2"/><line nr="1325" mi="0" ci="4" mb="0" cb="0"/><line nr="1326" mi="0" ci="5" mb="0" cb="0"/><line nr="1328" mi="0" ci="3" mb="0" cb="0"/><line nr="1329" mi="0" ci="2" mb="0" cb="2"/><line nr="1330" mi="0" ci="4" mb="0" cb="0"/><line nr="1331" mi="0" ci="5" mb="0" cb="0"/><line nr="1333" mi="0" ci="2" mb="0" cb="0"/><line nr="1338" mi="4" ci="4" mb="2" cb="2"/><line nr="1339" mi="0" ci="6" mb="0" cb="0"/><line nr="1340" mi="0" ci="2" mb="0" cb="0"/><line nr="1344" mi="4" ci="5" mb="2" cb="2"/><line nr="1346" mi="0" ci="2" mb="0" cb="0"/><line nr="1347" mi="0" ci="10" mb="0" cb="2"/><line nr="1348" mi="0" ci="2" mb="0" cb="2"/><line nr="1349" mi="0" ci="3" mb="0" cb="0"/><line nr="1351" mi="0" ci="4" mb="0" cb="0"/><line nr="1353" mi="0" ci="5" mb="0" cb="0"/><line nr="1354" mi="0" ci="1" mb="0" cb="0"/><line nr="1355" mi="0" ci="1" mb="0" cb="0"/><line nr="1365" mi="0" ci="5" mb="0" cb="0"/><line nr="1367" mi="0" ci="5" mb="0" cb="0"/><line nr="1368" mi="0" ci="6" mb="0" cb="0"/><line nr="1369" mi="0" ci="3" mb="0" cb="0"/><counter type="INSTRUCTION" missed="120" covered="1856"/><counter type="BRANCH" missed="64" covered="244"/><counter type="LINE" missed="0" covered="406"/><counter type="COMPLEXITY" missed="64" covered="149"/><counter type="METHOD" missed="0" covered="59"/><counter type="CLASS" missed="0" covered="8"/></sourcefile><counter type="INSTRUCTION" missed="120" covered="1896"/><counter type="BRANCH" missed="64" covered="248"/><counter type="LINE" missed="0" covered="416"/><counter type="COMPLEXITY" missed="64" covered="156"/><counter type="METHOD" missed="0" covered="64"/><counter type="CLASS" missed="0" covered="9"/></package><package name="net/florianschoppmann/java/reflect"><class name="net/florianschoppmann/java/reflect/ImmutableList"><method name="&lt;init&gt;" desc="([Ljava/lang/Object;)V" line="12"><counter type="INSTRUCTION" missed="0" covered="6"/><counter type="LINE" missed="0" covered="3"/><counter type="COMPLEXITY" missed="0" covered="1"/><counter type="METHOD" missed="0" covered="1"/></method><method name="copyOf" desc="(Ljava/util/List;)Lnet/florianschoppmann/java/reflect/ImmutableList;" line="17"><counter type="INSTRUCTION" missed="0" covered="15"/><counter type="BRANCH" missed="0" covered="2"/><counter type="LINE" missed="0" covered="3"/><counter type="COMPLEXITY" missed="0" covered="2"/><counter type="METHOD" missed="0" covered="1"/></method><method name="emptyList" desc="()Lnet/florianschoppmann/java/reflect/ImmutableList;" line="26"><counter type="INSTRUCTION" missed="0" covered="2"/><counter type="LINE" missed="0" covered="1"/><counter type="COMPLEXITY" missed="0" covered="1"/><counter type="METHOD" missed="0" covered="1"/></method><method name="get" desc="(I)Ljava/lang/Object;" line="33"><counter type="INSTRUCTION" missed="0" covered="5"/><counter type="LINE" missed="0" covered="1"/><counter type="COMPLEXITY" missed="0" covered="1"/><counter type="METHOD" missed="0" covered="1"/></method><method name="size" desc="()I" line="38"><counter type="INSTRUCTION" missed="0" covered="4"/><counter type="LINE" missed="0" covered="1"/><counter type="COMPLEXITY" missed="0" covered="1"/><counter type="METHOD" missed="0" covered="1"/></method><method name="&lt;clinit&gt;" desc="()V" line="8"><counter type="INSTRUCTION" missed="0" covered="7"/><counter type="LINE" missed="0" covered="1"/><counter type="COMPLEXITY" missed="0" covered="1"/><counter type="METHOD" missed="0" covered="1"/></method><counter type="INSTRUCTION" missed="0" covered="39"/><counter type="BRANCH" missed="0" covered="2"/><counter type="LINE" missed="0" covered="10"/><counter type="COMPLEXITY" missed="0" covered="7"/><counter type="METHOD" missed="0" covered="6"/><counter type="CLASS" missed="0" covered="1"/></class><class name="net/florianschoppmann/java/reflect/ReflectionTypes"><method name="&lt;init&gt;" desc="()V" line="59"><counter type="INSTRUCTION" missed="0" covered="93"/><counter type="LINE" missed="0" covered="15"/><counter type="COMPLEXITY" missed="0" covered="1"/><counter type="METHOD" missed="0" covered="1"/></method><method name="getInstance" desc="()Lnet/florianschoppmann/java/reflect/ReflectionTypes;" line="88"><counter type="INSTRUCTION" missed="0" covered="2"/><counter type="LINE" missed="0" covered="1"/><counter type="COMPLEXITY" missed="0" covered="1"/><counter type="METHOD" missed="0" covered="1"/></method><method name="requireValidElement" desc="(Ljavax/lang/model/element/Element;)V" line="93"><counter type="INSTRUCTION" missed="0" covered="29"/><counter type="BRANCH" missed="0" covered="2"/><counter type="LINE" missed="0" covered="5"/><counter type="COMPLEXITY" missed="0" covered="2"/><counter type="METHOD" missed="0" covered="1"/></method><method name="requireValidType" desc="(Ljavax/lang/model/type/TypeMirror;)V" line="104"><counter type="INSTRUCTION" missed="0" covered="28"/><counter type="BRANCH" missed="0" covered="4"/><counter type="LINE" missed="0" covered="4"/><counter type="COMPLEXITY" missed="0" covered="3"/><counter type="METHOD" missed="0" covered="1"/></method><method name="addPrimitive" desc="(Ljava/util/List;Ljava/util/List;Ljavax/lang/model/type/TypeKind;Lnet/florianschoppmann/java/reflect/PrimitiveTypeImpl;Ljava/lang/Class;)V" line="114"><counter type="INSTRUCTION" missed="0" covered="17"/><counter type="LINE" missed="0" covered="3"/><counter type="COMPLEXITY" missed="0" covered="1"/><counter type="METHOD" missed="0" covered="1"/></method><method name="boxedClass" desc="(Ljavax/lang/model/type/PrimitiveType;)Ljavax/lang/model/element/TypeElement;" line="120"><counter type="INSTRUCTION" missed="5" covered="19"/><counter type="BRANCH" missed="2" covered="2"/><counter type="LINE" missed="0" covered="4"/><counter type="COMPLEXITY" missed="2" covered="1"/><counter type="METHOD" missed="0" covered="1"/></method><method name="unboxedType" desc="(Ljavax/lang/model/type/TypeMirror;)Ljavax/lang/model/type/PrimitiveType;" line="128"><counter type="INSTRUCTION" missed="0" covered="98"/><counter type="BRANCH" missed="0" covered="18"/><counter type="LINE" missed="0" covered="21"/><counter type="COMPLEXITY" missed="0" covered="10"/><counter type="METHOD" missed="0" covered="1"/></method><method name="mirrorClass" desc="(Ljava/lang/Class;Lnet/florianschoppmann/java/reflect/MirrorContext;)Lnet/florianschoppmann/java/reflect/ReflectionTypeMirror;" line="162"><counter type="INSTRUCTION" missed="0" covered="42"/><counter type="BRANCH" missed="0" covered="6"/><counter type="LINE" missed="0" covered="9"/><counter type="COMPLEXITY" missed="0" covered="4"/><counter type="METHOD" missed="0" covered="1"/></method><method name="mirrorParameterizedType" desc="(Ljava/lang/reflect/ParameterizedType;Lnet/florianschoppmann/java/reflect/MirrorContext;)Lnet/florianschoppmann/java/reflect/DeclaredTypeImpl;" line="182"><counter type="INSTRUCTION" missed="0" covered="29"/><counter type="BRANCH" missed="0" covered="2"/><counter type="LINE" missed="0" covered="7"/><counter type="COMPLEXITY" missed="0" covered="2"/><counter type="METHOD" missed="0" covered="1"/></method><method name="mirrorWildcardType" desc="(Ljava/lang/reflect/WildcardType;Lnet/florianschoppmann/java/reflect/MirrorContext;)Lnet/florianschoppmann/java/reflect/WildcardTypeImpl;" line="206"><counter type="INSTRUCTION" missed="4" covered="58"/><counter type="BRANCH" missed="4" covered="10"/><counter type="LINE" missed="0" covered="11"/><counter type="COMPLEXITY" missed="4" covered="4"/><counter type="METHOD" missed="0" covered="1"/></method><method name="requireCondition" desc="(ZLjava/lang/String;Ljava/lang/Object;)V" line="230"><counter type="INSTRUCTION" missed="0" covered="15"/><counter type="BRANCH" missed="0" covered="2"/><counter type="LINE" missed="0" covered="3"/><counter type="COMPLEXITY" missed="0" covered="2"/><counter type="METHOD" missed="0" covered="1"/></method><method name="mirrorTypeVariable" desc="(Ljava/lang/reflect/TypeVariable;Lnet/florianschoppmann/java/reflect/MirrorContext;)Lnet/florianschoppmann/java/reflect/TypeVariableImpl;" line="236"><counter type="INSTRUCTION" missed="6" covered="53"/><counter type="BRANCH" missed="4" covered="8"/><counter type="LINE" missed="0" covered="13"/><counter type="COMPLEXITY" missed="4" covered="3"/><counter type="METHOD" missed="0" covered="1"/></method><method name="mirrorInternal" desc="(Ljava/lang/reflect/Type;Lnet/florianschoppmann/java/reflect/MirrorContext;)Lnet/florianschoppmann/java/reflect/ReflectionTypeMirror;" line="256"><counter type="INSTRUCTION" missed="6" covered="64"/><counter type="BRANCH" missed="4" covered="12"/><counter type="LINE" missed="0" covered="15"/><counter type="COMPLEXITY" missed="4" covered="5"/><counter type="METHOD" missed="0" covered="1"/></method><method name="typeElement" desc="(Ljava/lang/Class;)Ljavax/lang/model/element/TypeElement;" line="287"><counter type="INSTRUCTION" missed="0" covered="24"/><counter type="BRANCH" missed="0" covered="4"/><counter type="LINE" missed="0" covered="3"/><counter type="COMPLEXITY" missed="0" covered="3"/><counter type="METHOD" missed="0" covered="1"/></method><method name="typeMirror" desc="(Ljava/lang/reflect/Type;)Ljavax/lang/model/type/TypeMirror;" line="308"><counter type="INSTRUCTION" missed="0" covered="51"/><counter type="BRANCH" missed="0" covered="4"/><counter type="LINE" missed="0" covered="13"/><counter type="COMPLEXITY" missed="0" covered="3"/><counter type="METHOD" missed="0" covered="1"/></method><method name="toList" desc="([Ljavax/lang/model/type/TypeMirror;)Lnet/florianschoppmann/java/reflect/ImmutableList;" line="325"><counter type="INSTRUCTION" missed="0" covered="30"/><counter type="BRANCH" missed="0" covered="2"/><counter type="LINE" missed="0" covered="4"/><counter type="COMPLEXITY" missed="0" covered="2"/><counter type="METHOD" missed="0" covered="1"/></method><method name="getDeclaredType" desc="(Ljavax/lang/model/type/DeclaredType;Ljavax/lang/model/element/TypeElement;[Ljavax/lang/model/type/TypeMirror;)Ljavax/lang/model/type/DeclaredType;" line="335"><counter type="INSTRUCTION" missed="0" covered="25"/><counter type="BRANCH" missed="0" covered="2"/><counter type="LINE" missed="0" covered="5"/><counter type="COMPLEXITY" missed="0" covered="2"/><counter type="METHOD" missed="0" covered="1"/></method><method name="getDeclaredType" desc="(Ljavax/lang/model/element/TypeElement;[Ljavax/lang/model/type/TypeMirror;)Ljavax/lang/model/type/DeclaredType;" line="347"><counter type="INSTRUCTION" missed="0" covered="15"/><counter type="LINE" missed="0" covered="3"/><counter type="COMPLEXITY" missed="0" covered="1"/><counter type="METHOD" missed="0" covered="1"/></method><method name="getNoType" desc="(Ljavax/lang/model/type/TypeKind;)Ljavax/lang/model/type/NoType;" line="355"><counter type="INSTRUCTION" missed="0" covered="39"/><counter type="BRANCH" missed="0" covered="4"/><counter type="LINE" missed="0" covered="7"/><counter type="COMPLEXITY" missed="0" covered="3"/><counter type="METHOD" missed="0" covered="1"/></method><method name="getNullType" desc="()Ljavax/lang/model/type/NullType;" line="368"><counter type="INSTRUCTION" missed="0" covered="2"/><counter type="LINE" missed="0" covered="1"/><counter type="COMPLEXITY" missed="0" covered="1"/><counter type="METHOD" missed="0" covered="1"/></method><method name="getArrayType" desc="(Ljavax/lang/model/type/TypeMirror;)Ljavax/lang/model/type/ArrayType;" line="373"><counter type="INSTRUCTION" missed="0" covered="12"/><counter type="LINE" missed="0" covered="3"/><counter type="COMPLEXITY" missed="0" covered="1"/><counter type="METHOD" missed="0" covered="1"/></method><method name="createTypeVariable" desc="(Ljavax/lang/model/element/TypeParameterElement;Ljavax/lang/model/type/WildcardType;)Ljavax/lang/model/type/TypeVariable;" line="382"><counter type="INSTRUCTION" missed="0" covered="16"/><counter type="LINE" missed="0" covered="3"/><counter type="COMPLEXITY" missed="0" covered="1"/><counter type="METHOD" missed="0" covered="1"/></method><method name="capturedTypeArgument" desc="(Ljavax/lang/model/type/TypeVariable;)Ljavax/lang/model/type/WildcardType;" line="390"><counter type="INSTRUCTION" missed="0" covered="9"/><counter type="LINE" missed="0" covered="2"/><counter type="COMPLEXITY" missed="0" covered="1"/><counter type="METHOD" missed="0" covered="1"/></method><method name="getIntersectionType" desc="([Ljavax/lang/model/type/TypeMirror;)Lnet/florianschoppmann/java/type/IntersectionType;" line="397"><counter type="INSTRUCTION" missed="0" covered="46"/><counter type="BRANCH" missed="0" covered="4"/><counter type="LINE" missed="0" covered="8"/><counter type="COMPLEXITY" missed="0" covered="3"/><counter type="METHOD" missed="0" covered="1"/></method><method name="setTypeVariableBounds" desc="(Ljavax/lang/model/type/TypeVariable;Ljavax/lang/model/type/TypeMirror;Ljavax/lang/model/type/TypeMirror;)V" line="414"><counter type="INSTRUCTION" missed="0" covered="23"/><counter type="LINE" missed="0" covered="5"/><counter type="COMPLEXITY" missed="0" covered="1"/><counter type="METHOD" missed="0" covered="1"/></method><method name="getPrimitiveType" desc="(Ljavax/lang/model/type/TypeKind;)Ljavax/lang/model/type/PrimitiveType;" line="426"><counter type="INSTRUCTION" missed="0" covered="23"/><counter type="BRANCH" missed="0" covered="2"/><counter type="LINE" missed="0" covered="4"/><counter type="COMPLEXITY" missed="0" covered="2"/><counter type="METHOD" missed="0" covered="1"/></method><method name="getWildcardType" desc="(Ljavax/lang/model/type/TypeMirror;Ljavax/lang/model/type/TypeMirror;)Ljavax/lang/model/type/WildcardType;" line="436"><counter type="INSTRUCTION" missed="0" covered="14"/><counter type="LINE" missed="0" covered="3"/><counter type="COMPLEXITY" missed="0" covered="1"/><counter type="METHOD" missed="0" covered="1"/></method><method name="unsupportedException" desc="()Ljava/lang/UnsupportedOperationException;" line="443"><counter type="INSTRUCTION" missed="0" covered="5"/><counter type="LINE" missed="0" covered="1"/><counter type="COMPLEXITY" missed="0" covered="1"/><counter type="METHOD" missed="0" covered="1"/></method><method name="isAssignable" desc="(Ljavax/lang/model/type/TypeMirror;Ljavax/lang/model/type/TypeMirror;)Z" line="450"><counter type="INSTRUCTION" missed="0" covered="2"/><counter type="LINE" missed="0" covered="1"/><counter type="COMPLEXITY" missed="0" covered="1"/><counter type="METHOD" missed="0" covered="1"/></method><method name="isSubsignature" desc="(Ljavax/lang/model/type/ExecutableType;Ljavax/lang/model/type/ExecutableType;)Z" line="455"><counter type="INSTRUCTION" missed="2" covered="0"/><counter type="LINE" missed="1" covered="0"/><counter type="COMPLEXITY" missed="1" covered="0"/><counter type="METHOD" missed="1" covered="0"/></method><method name="asMemberOf" desc="(Ljavax/lang/model/type/DeclaredType;Ljavax/lang/model/element/Element;)Ljavax/lang/model/type/TypeMirror;" line="460"><counter type="INSTRUCTION" missed="0" covered="2"/><counter type="LINE" missed="0" covered="1"/><counter type="COMPLEXITY" missed="0" covered="1"/><counter type="METHOD" missed="0" covered="1"/></method><method name="directSupertypes" desc="(Ljavax/lang/model/type/TypeMirror;)Ljava/util/List;" line="468"><counter type="INSTRUCTION" missed="0" covered="2"/><counter type="LINE" missed="0" covered="1"/><counter type="COMPLEXITY" missed="0" covered="1"/><counter type="METHOD" missed="0" covered="1"/></method><method name="&lt;clinit&gt;" desc="()V" line="53"><counter type="INSTRUCTION" missed="2" covered="10"/><counter type="BRANCH" missed="1" covered="1"/><counter type="LINE" missed="0" covered="2"/><counter type="COMPLEXITY" missed="1" covered="1"/><counter type="METHOD" missed="0" covered="1"/></method><counter type="INSTRUCTION" missed="25" covered="897"/><counter type="BRANCH" missed="15" covered="89"/><counter type="LINE" missed="1" covered="181"/><counter type="COMPLEXITY" missed="16" covered="69"/><counter type="METHOD" missed="1" covered="32"/><counter type="CLASS" missed="0" covered="1"/></class><class name="net/florianschoppmann/java/reflect/TypeVariableImpl"><method name="&lt;init&gt;" desc="(Lnet/florianschoppmann/java/reflect/TypeParameterElementImpl;Lnet/florianschoppmann/java/reflect/WildcardTypeImpl;)V" line="10"><counter type="INSTRUCTION" missed="0" covered="15"/><counter type="LINE" missed="0" covered="6"/><counter type="COMPLEXITY" missed="0" covered="1"/><counter type="METHOD" missed="0" covered="1"/></method><method name="equals" desc="(Ljava/lang/Object;)Z" line="26"><counter type="INSTRUCTION" missed="6" covered="54"/><counter type="BRANCH" missed="7" covered="13"/><counter type="LINE" missed="0" covered="11"/><counter type="COMPLEXITY" missed="7" covered="4"/><counter type="METHOD" missed="0" covered="1"/></method><method name="hashCode" desc="()I" line="44"><counter type="INSTRUCTION" missed="0" covered="26"/><counter type="LINE" missed="0" covered="2"/><counter type="COMPLEXITY" missed="0" covered="1"/><counter type="METHOD" missed="0" covered="1"/></method><method name="accept" desc="(Ljavax/lang/model/type/TypeVisitor;Ljava/lang/Object;)Ljava/lang/Object;" line="51"><counter type="INSTRUCTION" missed="0" covered="5"/><counter type="LINE" missed="0" covered="1"/><counter type="COMPLEXITY" missed="0" covered="1"/><counter type="METHOD" missed="0" covered="1"/></method><method name="toString" desc="()Ljava/lang/String;" line="56"><counter type="INSTRUCTION" missed="0" covered="4"/><counter type="LINE" missed="0" covered="1"/><counter type="COMPLEXITY" missed="0" covered="1"/><counter type="METHOD" missed="0" covered="1"/></method><method name="requireUnfrozen" desc="()V" line="60"><counter type="INSTRUCTION" missed="0" covered="17"/><counter type="BRANCH" missed="0" covered="2"/><counter type="LINE" missed="0" covered="4"/><counter type="COMPLEXITY" missed="0" covered="2"/><counter type="METHOD" missed="0" covered="1"/></method><method name="requireFrozen" desc="()V" line="68"><counter type="INSTRUCTION" missed="0" covered="17"/><counter type="BRANCH" missed="0" covered="2"/><counter type="LINE" missed="0" covered="4"/><counter type="COMPLEXITY" missed="0" covered="2"/><counter type="METHOD" missed="0" covered="1"/></method><method name="asElement" desc="()Lnet/florianschoppmann/java/reflect/TypeParameterElementImpl;" line="77"><counter type="INSTRUCTION" missed="0" covered="3"/><counter type="LINE" missed="0" covered="1"/><counter type="COMPLEXITY" missed="0" covered="1"/><counter type="METHOD" missed="0" covered="1"/></method><method name="getUpperBound" desc="()Lnet/florianschoppmann/java/reflect/ReflectionTypeMirror;" line="82"><counter type="INSTRUCTION" missed="5" covered="10"/><counter type="BRANCH" missed="2" covered="2"/><counter type="LINE" missed="0" covered="3"/><counter type="COMPLEXITY" missed="2" covered="1"/><counter type="METHOD" missed="0" covered="1"/></method><method name="getLowerBound" desc="()Lnet/florianschoppmann/java/reflect/ReflectionTypeMirror;" line="89"><counter type="INSTRUCTION" missed="5" covered="10"/><counter type="BRANCH" missed="2" covered="2"/><counter type="LINE" missed="0" covered="3"/><counter type="COMPLEXITY" missed="2" covered="1"/><counter type="METHOD" missed="0" covered="1"/></method><method name="setUpperAndLowerBounds" desc="(Lnet/florianschoppmann/java/reflect/ReflectionTypeMirror;Lnet/florianschoppmann/java/reflect/ReflectionTypeMirror;)V" line="95"><counter type="INSTRUCTION" missed="0" covered="18"/><counter type="LINE" missed="0" covered="7"/><counter type="COMPLEXITY" missed="0" covered="1"/><counter type="METHOD" missed="0" covered="1"/></method><method name="getKind" desc="()Ljavax/lang/model/type/TypeKind;" line="106"><counter type="INSTRUCTION" missed="0" covered="2"/><counter type="LINE" missed="0" covered="1"/><counter type="COMPLEXITY" missed="0" covered="1"/><counter type="METHOD" missed="0" covered="1"/></method><method name="getCapturedTypeArgument" desc="()Lnet/florianschoppmann/java/reflect/WildcardTypeImpl;" line="111"><counter type="INSTRUCTION" missed="0" covered="3"/><counter type="LINE" missed="0" covered="1"/><counter type="COMPLEXITY" missed="0" covered="1"/><counter type="METHOD" missed="0" covered="1"/></method><method name="&lt;clinit&gt;" desc="()V" line="9"><counter type="INSTRUCTION" missed="2" covered="6"/><counter type="BRANCH" missed="1" covered="1"/><counter type="LINE" missed="0" covered="1"/><counter type="COMPLEXITY" missed="1" covered="1"/><counter type="METHOD" missed="0" covered="1"/></method><counter type="INSTRUCTION" missed="18" covered="190"/><counter type="BRANCH" missed="12" covered="22"/><counter type="LINE" missed="0" covered="46"/><counter type="COMPLEXITY" missed="12" covered="19"/><counter type="METHOD" missed="0" covered="14"/><counter type="CLASS" missed="0" covered="1"/></class><class name="net/florianschoppmann/java/reflect/TypeParameterElementImpl"><method name="&lt;init&gt;" desc="(Ljava/lang/reflect/TypeVariable;Lnet/florianschoppmann/java/reflect/ElementImpl;)V" line="18"><counter type="INSTRUCTION" missed="0" covered="20"/><counter type="LINE" missed="0" covered="5"/><counter type="COMPLEXITY" missed="0" covered="1"/><counter type="METHOD" missed="0" covered="1"/></method><method name="equals" desc="(Ljava/lang/Object;)Z" line="26"><counter type="INSTRUCTION" missed="0" covered="21"/><counter type="BRANCH" missed="0" covered="6"/><counter type="LINE" missed="0" covered="5"/><counter type="COMPLEXITY" missed="0" covered="4"/><counter type="METHOD" missed="0" covered="1"/></method><method name="hashCode" desc="()I" line="37"><counter type="INSTRUCTION" missed="0" covered="4"/><counter type="LINE" missed="0" covered="1"/><counter type="COMPLEXITY" missed="0" covered="1"/><counter type="METHOD" missed="0" covered="1"/></method><method name="toString" desc="()Ljava/lang/String;" line="42"><counter type="INSTRUCTION" missed="0" covered="4"/><counter type="LINE" missed="0" covered="1"/><counter type="COMPLEXITY" missed="0" covered="1"/><counter type="METHOD" missed="0" covered="1"/></method><method name="accept" desc="(Ljavax/lang/model/element/ElementVisitor;Ljava/lang/Object;)Ljava/lang/Object;" line="47"><counter type="INSTRUCTION" missed="0" covered="5"/><counter type="LINE" missed="0" covered="1"/><counter type="COMPLEXITY" missed="0" covered="1"/><counter type="METHOD" missed="0" covered="1"/></method><method name="getGenericElement" desc="()Lnet/florianschoppmann/java/reflect/ElementImpl;" line="52"><counter type="INSTRUCTION" missed="0" covered="3"/><counter type="LINE" missed="0" covered="1"/><counter type="COMPLEXITY" missed="0" covered="1"/><counter type="METHOD" missed="0" covered="1"/></method><method name="getBounds" desc="()Ljava/util/List;" line="57"><counter type="INSTRUCTION" missed="5" covered="10"/><counter type="BRANCH" missed="2" covered="2"/><counter type="LINE" missed="0" covered="3"/><counter type="COMPLEXITY" missed="2" covered="1"/><counter type="METHOD" missed="0" covered="1"/></method><method name="getEnclosingElement" desc="()Lnet/florianschoppmann/java/reflect/ElementImpl;" line="64"><counter type="INSTRUCTION" missed="0" covered="3"/><counter type="LINE" missed="0" covered="1"/><counter type="COMPLEXITY" missed="0" covered="1"/><counter type="METHOD" missed="0" covered="1"/></method><method name="asType" desc="()Lnet/florianschoppmann/java/reflect/TypeVariableImpl;" line="69"><counter type="INSTRUCTION" missed="0" covered="3"/><counter type="LINE" missed="0" covered="1"/><counter type="COMPLEXITY" missed="0" covered="1"/><counter type="METHOD" missed="0" covered="1"/></method><method name="getKind" desc="()Ljavax/lang/model/element/ElementKind;" line="74"><counter type="INSTRUCTION" missed="0" covered="2"/><counter type="LINE" missed="0" covered="1"/><counter type="COMPLEXITY" missed="0" covered="1"/><counter type="METHOD" missed="0" covered="1"/></method><method name="getSimpleName" desc="()Ljavax/lang/model/element/Name;" line="79"><counter type="INSTRUCTION" missed="0" covered="7"/><counter type="LINE" missed="0" covered="1"/><counter type="COMPLEXITY" missed="0" covered="1"/><counter type="METHOD" missed="0" covered="1"/></method><method name="getEnclosedElements" desc="()Lnet/florianschoppmann/java/reflect/ImmutableList;" line="84"><counter type="INSTRUCTION" missed="0" covered="2"/><counter type="LINE" missed="0" covered="1"/><counter type="COMPLEXITY" missed="0" covered="1"/><counter type="METHOD" missed="0" covered="1"/></method><method name="finishDerivedFromElement" desc="(Lnet/florianschoppmann/java/reflect/MirrorContext;)V" line="89"><counter type="INSTRUCTION" missed="0" covered="30"/><counter type="BRANCH" missed="0" covered="2"/><counter type="LINE" missed="0" covered="5"/><counter type="COMPLEXITY" missed="0" covered="2"/><counter type="METHOD" missed="0" covered="1"/></method><method name="&lt;clinit&gt;" desc="()V" line="12"><counter type="INSTRUCTION" missed="2" covered="6"/><counter type="BRANCH" missed="1" covered="1"/><counter type="LINE" missed="0" covered="1"/><counter type="COMPLEXITY" missed="1" covered="1"/><counter type="METHOD" missed="0" covered="1"/></method><counter type="INSTRUCTION" missed="7" covered="120"/><counter type="BRANCH" missed="3" covered="11"/><counter type="LINE" missed="0" covered="28"/><counter type="COMPLEXITY" missed="3" covered="18"/><counter type="METHOD" missed="0" covered="14"/><counter type="CLASS" missed="0" covered="1"/></class><class name="net/florianschoppmann/java/reflect/ElementImpl"><method name="&lt;init&gt;" desc="()V" line="6"><counter type="INSTRUCTION" missed="0" covered="6"/><counter type="LINE" missed="0" covered="2"/><counter type="COMPLEXITY" missed="0" covered="1"/><counter type="METHOD" missed="0" covered="1"/></method><method name="getModifiers" desc="()Ljava/util/Set;" line="11"><counter type="INSTRUCTION" missed="0" covered="12"/><counter type="LINE" missed="0" covered="1"/><counter type="COMPLEXITY" missed="0" covered="1"/><counter type="METHOD" missed="0" covered="1"/></method><method name="requireFinished" desc="()V" line="17"><counter type="INSTRUCTION" missed="13" covered="4"/><counter type="BRANCH" missed="1" covered="1"/><counter type="LINE" missed="1" covered="2"/><counter type="COMPLEXITY" missed="1" covered="1"/><counter type="METHOD" missed="0" covered="1"/></method><method name="finish" desc="(Lnet/florianschoppmann/java/reflect/MirrorContext;)V" line="25"><counter type="INSTRUCTION" missed="13" covered="10"/><counter type="BRANCH" missed="1" covered="1"/><counter type="LINE" missed="2" covered="4"/><counter type="COMPLEXITY" missed="1" covered="1"/><counter type="METHOD" missed="0" covered="1"/></method><counter type="INSTRUCTION" missed="26" covered="32"/><counter type="BRANCH" missed="2" covered="2"/><counter type="LINE" missed="3" covered="9"/><counter type="COMPLEXITY" missed="2" covered="4"/><counter type="METHOD" missed="0" covered="4"/><counter type="CLASS" missed="0" covered="1"/></class><class name="net/florianschoppmann/java/reflect/IntersectionTypeImpl"><method name="&lt;init&gt;" desc="(Ljava/util/List;)V" line="15"><counter type="INSTRUCTION" missed="0" covered="10"/><counter type="LINE" missed="0" covered="4"/><counter type="COMPLEXITY" missed="0" covered="1"/><counter type="METHOD" missed="0" covered="1"/></method><method name="equals" desc="(Ljava/lang/Object;)Z" line="23"><counter type="INSTRUCTION" missed="0" covered="21"/><counter type="BRANCH" missed="0" covered="6"/><counter type="LINE" missed="0" covered="5"/><counter type="COMPLEXITY" missed="0" covered="4"/><counter type="METHOD" missed="0" covered="1"/></method><method name="hashCode" desc="()I" line="36"><counter type="INSTRUCTION" missed="0" covered="16"/><counter type="LINE" missed="0" covered="1"/><counter type="COMPLEXITY" missed="0" covered="1"/><counter type="METHOD" missed="0" covered="1"/></method><method name="toString" desc="()Ljava/lang/String;" line="41"><counter type="INSTRUCTION" missed="0" covered="4"/><counter type="LINE" missed="0" covered="1"/><counter type="COMPLEXITY" missed="0" covered="1"/><counter type="METHOD" missed="0" covered="1"/></method><method name="accept" desc="(Ljavax/lang/model/type/TypeVisitor;Ljava/lang/Object;)Ljava/lang/Object;" line="46"><counter type="INSTRUCTION" missed="0" covered="5"/><counter type="LINE" missed="0" covered="1"/><counter type="COMPLEXITY" missed="0" covered="1"/><counter type="METHOD" missed="0" covered="1"/></method><method name="getBounds" desc="()Ljava/util/List;" line="51"><counter type="INSTRUCTION" missed="0" covered="3"/><counter type="LINE" missed="0" covered="1"/><counter type="COMPLEXITY" missed="0" covered="1"/><counter type="METHOD" missed="0" covered="1"/></method><method name="getKind" desc="()Ljavax/lang/model/type/TypeKind;" line="56"><counter type="INSTRUCTION" missed="0" covered="2"/><counter type="LINE" missed="0" covered="1"/><counter type="COMPLEXITY" missed="0" covered="1"/><counter type="METHOD" missed="0" covered="1"/></method><method name="isIntersectionType" desc="()Z" line="61"><counter type="INSTRUCTION" missed="0" covered="2"/><counter type="LINE" missed="0" covered="1"/><counter type="COMPLEXITY" missed="0" covered="1"/><counter type="METHOD" missed="0" covered="1"/></method><counter type="INSTRUCTION" missed="0" covered="63"/><counter type="BRANCH" missed="0" covered="6"/><counter type="LINE" missed="0" covered="15"/><counter type="COMPLEXITY" missed="0" covered="11"/><counter type="METHOD" missed="0" covered="8"/><counter type="CLASS" missed="0" covered="1"/></class><class name="net/florianschoppmann/java/reflect/MirrorContext"><method name="&lt;init&gt;" desc="(Lnet/florianschoppmann/java/reflect/ReflectionTypes;Ljava/util/Map;Ljava/util/Map;)V" line="15"><counter type="INSTRUCTION" missed="0" covered="12"/><counter type="LINE" missed="0" covered="5"/><counter type="COMPLEXITY" missed="0" covered="1"/><counter type="METHOD" missed="0" covered="1"/></method><method name="mirror" desc="([Ljava/lang/reflect/Type;)Lnet/florianschoppmann/java/reflect/ImmutableList;" line="22"><counter type="INSTRUCTION" missed="0" covered="31"/><counter type="BRANCH" missed="0" covered="2"/><counter type="LINE" missed="0" covered="4"/><counter type="COMPLEXITY" missed="0" covered="2"/><counter type="METHOD" missed="0" covered="1"/></method><method name="mirror" desc="(Ljava/lang/reflect/Type;)Lnet/florianschoppmann/java/reflect/ReflectionTypeMirror;" line="39"><counter type="INSTRUCTION" missed="0" covered="6"/><counter type="LINE" missed="0" covered="1"/><counter type="COMPLEXITY" missed="0" covered="1"/><counter type="METHOD" missed="0" covered="1"/></method><method name="typeDeclaration" desc="(Ljava/lang/Class;)Lnet/florianschoppmann/java/reflect/TypeElementImpl;" line="53"><counter type="INSTRUCTION" missed="0" covered="31"/><counter type="BRANCH" missed="0" covered="4"/><counter type="LINE" missed="0" covered="8"/><counter type="COMPLEXITY" missed="0" covered="3"/><counter type="METHOD" missed="0" covered="1"/></method><counter type="INSTRUCTION" missed="0" covered="80"/><counter type="BRANCH" missed="0" covered="6"/><counter type="LINE" missed="0" covered="18"/><counter type="COMPLEXITY" missed="0" covered="7"/><counter type="METHOD" missed="0" covered="4"/><counter type="CLASS" missed="0" covered="1"/></class><class name="net/florianschoppmann/java/reflect/PrimitiveTypeImpl"><method name="&lt;init&gt;" desc="(Ljavax/lang/model/type/TypeKind;)V" line="20"><counter type="INSTRUCTION" missed="0" covered="6"/><counter type="LINE" missed="0" covered="3"/><counter type="COMPLEXITY" missed="0" covered="1"/><counter type="METHOD" missed="0" covered="1"/></method><method name="toString" desc="()Ljava/lang/String;" line="26"><counter type="INSTRUCTION" missed="0" covered="4"/><counter type="LINE" missed="0" covered="1"/><counter type="COMPLEXITY" missed="0" covered="1"/><counter type="METHOD" missed="0" covered="1"/></method><method name="accept" desc="(Ljavax/lang/model/type/TypeVisitor;Ljava/lang/Object;)Ljava/lang/Object;" line="31"><counter type="INSTRUCTION" missed="0" covered="5"/><counter type="LINE" missed="0" covered="1"/><counter type="COMPLEXITY" missed="0" covered="1"/><counter type="METHOD" missed="0" covered="1"/></method><method name="getKind" desc="()Ljavax/lang/model/type/TypeKind;" line="36"><counter type="INSTRUCTION" missed="0" covered="3"/><counter type="LINE" missed="0" covered="1"/><counter type="COMPLEXITY" missed="0" covered="1"/><counter type="METHOD" missed="0" covered="1"/></method><method name="&lt;clinit&gt;" desc="()V" line="9"><counter type="INSTRUCTION" missed="0" covered="41"/><counter type="LINE" missed="0" covered="8"/><counter type="COMPLEXITY" missed="0" covered="1"/><counter type="METHOD" missed="0" covered="1"/></method><counter type="INSTRUCTION" missed="0" covered="59"/><counter type="LINE" missed="0" covered="14"/><counter type="COMPLEXITY" missed="0" covered="5"/><counter type="METHOD" missed="0" covered="5"/><counter type="CLASS" missed="0" covered="1"/></class><class name="net/florianschoppmann/java/reflect/DeclaredTypeImpl"><method name="&lt;init&gt;" desc="(Lnet/florianschoppmann/java/reflect/ReflectionTypeMirror;Lnet/florianschoppmann/java/reflect/TypeElementImpl;Ljava/util/List;)V" line="16"><counter type="INSTRUCTION" missed="0" covered="22"/><counter type="LINE" missed="0" covered="8"/><counter type="COMPLEXITY" missed="0" covered="1"/><counter type="METHOD" missed="0" covered="1"/></method><method name="equals" desc="(Ljava/lang/Object;)Z" line="28"><counter type="INSTRUCTION" missed="0" covered="39"/><counter type="BRANCH" missed="2" covered="10"/><counter type="LINE" missed="0" covered="8"/><counter type="COMPLEXITY" missed="2" covered="5"/><counter type="METHOD" missed="0" covered="1"/></method><method name="hashCode" desc="()I" line="42"><counter type="INSTRUCTION" missed="0" covered="19"/><counter type="LINE" missed="0" covered="1"/><counter type="COMPLEXITY" missed="0" covered="1"/><counter type="METHOD" missed="0" covered="1"/></method><method name="toString" desc="()Ljava/lang/String;" line="47"><counter type="INSTRUCTION" missed="0" covered="4"/><counter type="LINE" missed="0" covered="1"/><counter type="COMPLEXITY" missed="0" covered="1"/><counter type="METHOD" missed="0" covered="1"/></method><method name="accept" desc="(Ljavax/lang/model/type/TypeVisitor;Ljava/lang/Object;)Ljava/lang/Object;" line="52"><counter type="INSTRUCTION" missed="0" covered="5"/><counter type="LINE" missed="0" covered="1"/><counter type="COMPLEXITY" missed="0" covered="1"/><counter type="METHOD" missed="0" covered="1"/></method><method name="asElement" desc="()Lnet/florianschoppmann/java/reflect/TypeElementImpl;" line="57"><counter type="INSTRUCTION" missed="0" covered="3"/><counter type="LINE" missed="0" covered="1"/><counter type="COMPLEXITY" missed="0" covered="1"/><counter type="METHOD" missed="0" covered="1"/></method><method name="getEnclosingType" desc="()Lnet/florianschoppmann/java/reflect/ReflectionTypeMirror;" line="62"><counter type="INSTRUCTION" missed="0" covered="3"/><counter type="LINE" missed="0" covered="1"/><counter type="COMPLEXITY" missed="0" covered="1"/><counter type="METHOD" missed="0" covered="1"/></method><method name="getTypeArguments" desc="()Ljava/util/List;" line="67"><counter type="INSTRUCTION" missed="
[...]
="357" mi="0" ci="2" mb="0" cb="0"/><line nr="358" mi="0" ci="3" mb="0" cb="2"/><line nr="359" mi="0" ci="2" mb="0" cb="0"/><line nr="361" mi="0" ci="20" mb="0" cb="0"/><line nr="362" mi="0" ci="6" mb="0" cb="0"/><line nr="368" mi="0" ci="2" mb="0" cb="0"/><line nr="373" mi="0" ci="3" mb="0" cb="0"/><line nr="374" mi="0" ci="3" mb="0" cb="0"/><line nr="376" mi="0" ci="6" mb="0" cb="0"/><line nr="382" mi="0" ci="5" mb="0" cb="0"/><line nr="383" mi="0" ci="3" mb="0" cb="0"/><line nr="385" mi="0" ci="8" mb="0" cb="0"/><line nr="390" mi="0" ci="5" mb="0" cb="0"/><line nr="392" mi="0" ci="4" mb="0" cb="0"/><line nr="397" mi="0" ci="3" mb="0" cb="0"/><line nr="398" mi="0" ci="3" mb="0" cb="2"/><line nr="399" mi="0" ci="5" mb="0" cb="0"/><line nr="401" mi="0" ci="3" mb="0" cb="0"/><line nr="403" mi="0" ci="6" mb="0" cb="0"/><line nr="404" mi="0" ci="16" mb="0" cb="2"/><line nr="405" mi="0" ci="5" mb="0" cb="0"/><line nr="408" mi="0" ci="5" mb="0" cb="0"/><line nr="414" mi="0" ci="5" mb="0" cb="0"/><line nr="415" mi="0" ci="5" mb="0" cb="0"/><line nr="416" mi="0" ci="5" mb="0" cb="0"/><line nr="418" mi="0" ci="7" mb="0" cb="0"/><line nr="422" mi="0" ci="1" mb="0" cb="0"/><line nr="426" mi="0" ci="7" mb="0" cb="0"/><line nr="427" mi="0" ci="2" mb="0" cb="2"/><line nr="428" mi="0" ci="12" mb="0" cb="0"/><line nr="430" mi="0" ci="2" mb="0" cb="0"/><line nr="436" mi="0" ci="3" mb="0" cb="0"/><line nr="437" mi="0" ci="3" mb="0" cb="0"/><line nr="439" mi="0" ci="8" mb="0" cb="0"/><line nr="443" mi="0" ci="5" mb="0" cb="0"/><line nr="450" mi="0" ci="2" mb="0" cb="0"/><line nr="455" mi="2" ci="0" mb="0" cb="0"/><line nr="460" mi="0" ci="2" mb="0" cb="0"/><line nr="468" mi="0" ci="2" mb="0" cb="0"/><counter type="INSTRUCTION" missed="25" covered="897"/><counter type="BRANCH" missed="15" covered="89"/><counter type="LINE" missed="1" covered="181"/><counter type="COMPLEXITY" missed="16" covered="69"/><counter type="METHOD" missed="1" covered="32"/><counter type="CLASS" missed="0" covered="1"/></sourcefile><sourcefile name="MirrorContext.java"><line nr="15" mi="0" ci="2" mb="0" cb="0"/><line nr="16" mi="0" ci="3" mb="0" cb="0"/><line nr="17" mi="0" ci="3" mb="0" cb="0"/><line nr="18" mi="0" ci="3" mb="0" cb="0"/><line nr="19" mi="0" ci="1" mb="0" cb="0"/><line nr="22" mi="0" ci="4" mb="0" cb="0"/><line nr="23" mi="0" ci="16" mb="0" cb="2"/><line nr="24" mi="0" ci="8" mb="0" cb="0"/><line nr="26" mi="0" ci="3" mb="0" cb="0"/><line nr="39" mi="0" ci="6" mb="0" cb="0"/><line nr="53" mi="0" ci="6" mb="0" cb="0"/><line nr="54" mi="0" ci="2" mb="0" cb="2"/><line nr="55" mi="0" ci="2" mb="0" cb="0"/><line nr="58" mi="0" ci="6" mb="0" cb="0"/><line nr="59" mi="0" ci="2" mb="0" cb="2"/><line nr="60" mi="0" ci="5" mb="0" cb="0"/><line nr="61" mi="0" ci="6" mb="0" cb="0"/><line nr="63" mi="0" ci="2" mb="0" cb="0"/><counter type="INSTRUCTION" missed="0" covered="80"/><counter type="BRANCH" missed="0" covered="6"/><counter type="LINE" missed="0" covered="18"/><counter type="COMPLEXITY" missed="0" covered="7"/><counter type="METHOD" missed="0" covered="4"/><counter type="CLASS" missed="0" covered="1"/></sourcefile><sourcefile name="TypeParameterElementImpl.java"><line nr="12" mi="2" ci="6" mb="1" cb="1"/><line nr="18" mi="0" ci="2" mb="0" cb="0"/><line nr="19" mi="0" ci="5" mb="0" cb="0"/><line nr="20" mi="0" ci="5" mb="0" cb="0"/><line nr="21" mi="0" ci="7" mb="0" cb="0"/><line nr="22" mi="0" ci="1" mb="0" cb="0"/><line nr="26" mi="0" ci="3" mb="0" cb="2"/><line nr="27" mi="0" ci="2" mb="0" cb="0"/><line nr="28" mi="0" ci="7" mb="0" cb="4"/><line nr="29" mi="0" ci="2" mb="0" cb="0"/><line nr="32" mi="0" ci="7" mb="0" cb="0"/><line nr="37" mi="0" ci="4" mb="0" cb="0"/><line nr="42" mi="0" ci="4" mb="0" cb="0"/><line nr="47" mi="0" ci="5" mb="0" cb="0"/><line nr="52" mi="0" ci="3" mb="0" cb="0"/><line nr="57" mi="0" ci="2" mb="0" cb="0"/><line nr="58" mi="5" ci="5" mb="2" cb="2"/><line nr="59" mi="0" ci="3" mb="0" cb="0"/><line nr="64" mi="0" ci="3" mb="0" cb="0"/><line nr="69" mi="0" ci="3" mb="0" cb="0"/><line nr="74" mi="0" ci="2" mb="0" cb="0"/><line nr="79" mi="0" ci="7" mb="0" cb="0"/><line nr="84" mi="0" ci="2" mb="0" cb="0"/><line nr="89" mi="0" ci="7" mb="0" cb="0"/><line nr="90" mi="0" ci="8" mb="0" cb="2"/><line nr="91" mi="0" ci="9" mb="0" cb="0"/><line nr="93" mi="0" ci="5" mb="0" cb="0"/><line nr="94" mi="0" ci="1" mb="0" cb="0"/><counter type="INSTRUCTION" missed="7" covered="120"/><counter type="BRANCH" missed="3" covered="11"/><counter type="LINE" missed="0" covered="28"/><counter type="COMPLEXITY" missed="3" covered="18"/><counter type="METHOD" missed="0" covered="14"/><counter type="CLASS" missed="0" covered="1"/></sourcefile><sourcefile name="IntersectionTypeImpl.java"><line nr="15" mi="0" ci="2" mb="0" cb="0"/><line nr="16" mi="0" ci="3" mb="0" cb="0"/><line nr="18" mi="0" ci="4" mb="0" cb="0"/><line nr="19" mi="0" ci="1" mb="0" cb="0"/><line nr="23" mi="0" ci="3" mb="0" cb="2"/><line nr="24" mi="0" ci="2" mb="0" cb="0"/><line nr="25" mi="0" ci="7" mb="0" cb="4"/><line nr="26" mi="0" ci="2" mb="0" cb="0"/><line nr="29" mi="0" ci="7" mb="0" cb="0"/><line nr="36" mi="0" ci="16" mb="0" cb="0"/><line nr="41" mi="0" ci="4" mb="0" cb="0"/><line nr="46" mi="0" ci="5" mb="0" cb="0"/><line nr="51" mi="0" ci="3" mb="0" cb="0"/><line nr="56" mi="0" ci="2" mb="0" cb="0"/><line nr="61" mi="0" ci="2" mb="0" cb="0"/><counter type="INSTRUCTION" missed="0" covered="63"/><counter type="BRANCH" missed="0" covered="6"/><counter type="LINE" missed="0" covered="15"/><counter type="COMPLEXITY" missed="0" covered="11"/><counter type="METHOD" missed="0" covered="8"/><counter type="CLASS" missed="0" covered="1"/></sourcefile><sourcefile name="ElementImpl.java"><line nr="6" mi="0" ci="2" mb="0" cb="0"/><line nr="7" mi="0" ci="4" mb="0" cb="0"/><line nr="11" mi="0" ci="12" mb="0" cb="0"/><line nr="17" mi="0" ci="3" mb="1" cb="1"/><line nr="18" mi="13" ci="0" mb="0" cb="0"/><line nr="20" mi="0" ci="1" mb="0" cb="0"/><line nr="25" mi="0" ci="3" mb="1" cb="1"/><line nr="26" mi="11" ci="0" mb="0" cb="0"/><line nr="27" mi="2" ci="0" mb="0" cb="0"/><line nr="31" mi="0" ci="3" mb="0" cb="0"/><line nr="32" mi="0" ci="3" mb="0" cb="0"/><line nr="33" mi="0" ci="1" mb="0" cb="0"/><counter type="INSTRUCTION" missed="26" covered="32"/><counter type="BRANCH" missed="2" covered="2"/><counter type="LINE" missed="3" covered="9"/><counter type="COMPLEXITY" missed="2" covered="4"/><counter type="METHOD" missed="0" covered="4"/><counter type="CLASS" missed="0" covered="1"/></sourcefile><sourcefile name="NoTypeImpl.java"><line nr="9" mi="0" ci="5" mb="0" cb="0"/><line nr="10" mi="0" ci="6" mb="0" cb="0"/><line nr="14" mi="0" ci="2" mb="0" cb="0"/><line nr="15" mi="0" ci="3" mb="0" cb="0"/><line nr="16" mi="0" ci="1" mb="0" cb="0"/><line nr="20" mi="0" ci="4" mb="0" cb="0"/><line nr="25" mi="0" ci="5" mb="0" cb="0"/><line nr="30" mi="0" ci="3" mb="0" cb="0"/><counter type="INSTRUCTION" missed="0" covered="29"/><counter type="LINE" missed="0" covered="8"/><counter type="COMPLEXITY" missed="0" covered="5"/><counter type="METHOD" missed="0" covered="5"/><counter type="CLASS" missed="0" covered="1"/></sourcefile><sourcefile name="TypeVariableImpl.java"><line nr="9" mi="2" ci="6" mb="1" cb="1"/><line nr="10" mi="0" ci="3" mb="0" cb="0"/><line nr="17" mi="0" ci="2" mb="0" cb="0"/><line nr="18" mi="0" ci="3" mb="0" cb="0"/><line nr="20" mi="0" ci="3" mb="0" cb="0"/><line nr="21" mi="0" ci="3" mb="0" cb="0"/><line nr="22" mi="0" ci="1" mb="0" cb="0"/><line nr="26" mi="0" ci="3" mb="0" cb="2"/><line nr="27" mi="0" ci="2" mb="0" cb="0"/><line nr="28" mi="0" ci="7" mb="0" cb="4"/><line nr="29" mi="0" ci="2" mb="0" cb="0"/><line nr="32" mi="0" ci="2" mb="0" cb="0"/><line nr="33" mi="5" ci="8" mb="3" cb="3"/><line nr="35" mi="0" ci="3" mb="0" cb="0"/><line nr="36" mi="0" ci="10" mb="1" cb="1"/><line nr="37" mi="0" ci="6" mb="1" cb="1"/><line nr="38" mi="0" ci="6" mb="1" cb="1"/><line nr="39" mi="1" ci="5" mb="1" cb="1"/><line nr="44" mi="0" ci="2" mb="0" cb="0"/><line nr="46" mi="0" ci="24" mb="0" cb="0"/><line nr="51" mi="0" ci="5" mb="0" cb="0"/><line nr="56" mi="0" ci="4" mb="0" cb="0"/><line nr="60" mi="0" ci="3" mb="0" cb="2"/><line nr="61" mi="0" ci="11" mb="0" cb="0"/><line nr="62" mi="0" ci="2" mb="0" cb="0"/><line nr="65" mi="0" ci="1" mb="0" cb="0"/><line nr="68" mi="0" ci="3" mb="0" cb="2"/><line nr="69" mi="0" ci="11" mb="0" cb="0"/><line nr="70" mi="0" ci="2" mb="0" cb="0"/><line nr="73" mi="0" ci="1" mb="0" cb="0"/><line nr="77" mi="0" ci="3" mb="0" cb="0"/><line nr="82" mi="0" ci="2" mb="0" cb="0"/><line nr="83" mi="5" ci="5" mb="2" cb="2"/><line nr="84" mi="0" ci="3" mb="0" cb="0"/><line nr="89" mi="0" ci="2" mb="0" cb="0"/><line nr="90" mi="5" ci="5" mb="2" cb="2"/><line nr="91" mi="0" ci="3" mb="0" cb="0"/><line nr="95" mi="0" ci="2" mb="0" cb="0"/><line nr="96" mi="0" ci="3" mb="0" cb="0"/><line nr="97" mi="0" ci="3" mb="0" cb="0"/><line nr="99" mi="0" ci="3" mb="0" cb="0"/><line nr="100" mi="0" ci="3" mb="0" cb="0"/><line nr="101" mi="0" ci="3" mb="0" cb="0"/><line nr="102" mi="0" ci="1" mb="0" cb="0"/><line nr="106" mi="0" ci="2" mb="0" cb="0"/><line nr="111" mi="0" ci="3" mb="0" cb="0"/><counter type="INSTRUCTION" missed="18" covered="190"/><counter type="BRANCH" missed="12" covered="22"/><counter type="LINE" missed="0" covered="46"/><counter type="COMPLEXITY" missed="12" covered="19"/><counter type="METHOD" missed="0" covered="14"/><counter type="CLASS" missed="0" covered="1"/></sourcefile><sourcefile name="WildcardTypeImpl.java"><line nr="20" mi="0" ci="2" mb="0" cb="0"/><line nr="21" mi="0" ci="3" mb="0" cb="0"/><line nr="22" mi="0" ci="3" mb="0" cb="0"/><line nr="23" mi="0" ci="1" mb="0" cb="0"/><line nr="27" mi="0" ci="3" mb="0" cb="2"/><line nr="28" mi="0" ci="2" mb="0" cb="0"/><line nr="29" mi="0" ci="7" mb="0" cb="4"/><line nr="30" mi="0" ci="2" mb="0" cb="0"/><line nr="33" mi="0" ci="3" mb="0" cb="0"/><line nr="34" mi="0" ci="10" mb="1" cb="1"/><line nr="35" mi="1" ci="5" mb="1" cb="1"/><line nr="40" mi="0" ci="14" mb="0" cb="0"/><line nr="45" mi="0" ci="4" mb="0" cb="0"/><line nr="50" mi="0" ci="5" mb="0" cb="0"/><line nr="56" mi="0" ci="3" mb="0" cb="0"/><line nr="62" mi="0" ci="3" mb="0" cb="0"/><line nr="67" mi="0" ci="2" mb="0" cb="0"/><counter type="INSTRUCTION" missed="1" covered="72"/><counter type="BRANCH" missed="2" covered="8"/><counter type="LINE" missed="0" covered="17"/><counter type="COMPLEXITY" missed="2" covered="11"/><counter type="METHOD" missed="0" covered="8"/><counter type="CLASS" missed="0" covered="1"/></sourcefile><sourcefile name="PrimitiveTypeImpl.java"><line nr="9" mi="0" ci="5" mb="0" cb="0"/><line nr="10" mi="0" ci="5" mb="0" cb="0"/><line nr="11" mi="0" ci="5" mb="0" cb="0"/><line nr="12" mi="0" ci="5" mb="0" cb="0"/><line nr="13" mi="0" ci="5" mb="0" cb="0"/><line nr="14" mi="0" ci="5" mb="0" cb="0"/><line nr="15" mi="0" ci="5" mb="0" cb="0"/><line nr="16" mi="0" ci="6" mb="0" cb="0"/><line nr="20" mi="0" ci="2" mb="0" cb="0"/><line nr="21" mi="0" ci="3" mb="0" cb="0"/><line nr="22" mi="0" ci="1" mb="0" cb="0"/><line nr="26" mi="0" ci="4" mb="0" cb="0"/><line nr="31" mi="0" ci="5" mb="0" cb="0"/><line nr="36" mi="0" ci="3" mb="0" cb="0"/><counter type="INSTRUCTION" missed="0" covered="59"/><counter type="LINE" missed="0" covered="14"/><counter type="COMPLEXITY" missed="0" covered="5"/><counter type="METHOD" missed="0" covered="5"/><counter type="CLASS" missed="0" covered="1"/></sourcefile><sourcefile name="AnnotatedConstructImpl.java"><line nr="9" mi="0" ci="3" mb="0" cb="0"/><line nr="11" mi="12" ci="0" mb="0" cb="0"/><line nr="18" mi="2" ci="0" mb="0" cb="0"/><line nr="23" mi="2" ci="0" mb="0" cb="0"/><line nr="28" mi="2" ci="0" mb="0" cb="0"/><counter type="INSTRUCTION" missed="18" covered="3"/><counter type="LINE" missed="4" covered="1"/><counter type="COMPLEXITY" missed="4" covered="1"/><counter type="METHOD" missed="4" covered="1"/><counter type="CLASS" missed="0" covered="1"/></sourcefile><sourcefile name="NameImpl.java"><line nr="10" mi="0" ci="2" mb="0" cb="0"/><line nr="11" mi="0" ci="5" mb="0" cb="0"/><line nr="12" mi="0" ci="1" mb="0" cb="0"/><line nr="16" mi="3" ci="0" mb="2" cb="0"/><line nr="17" mi="2" ci="0" mb="0" cb="0"/><line nr="18" mi="7" ci="0" mb="4" cb="0"/><line nr="19" mi="2" ci="0" mb="0" cb="0"/><line nr="22" mi="7" ci="0" mb="0" cb="0"/><line nr="27" mi="4" ci="0" mb="0" cb="0"/><line nr="32" mi="0" ci="5" mb="0" cb="0"/><line nr="37" mi="0" ci="4" mb="0" cb="0"/><line nr="42" mi="0" ci="5" mb="0" cb="0"/><line nr="47" mi="6" ci="0" mb="0" cb="0"/><line nr="52" mi="0" ci="3" mb="0" cb="0"/><counter type="INSTRUCTION" missed="31" covered="25"/><counter type="BRANCH" missed="6" covered="0"/><counter type="LINE" missed="7" covered="7"/><counter type="COMPLEXITY" missed="6" covered="5"/><counter type="METHOD" missed="3" covered="5"/><counter type="CLASS" missed="0" covered="1"/></sourcefile><sourcefile name="DeclaredTypeImpl.java"><line nr="16" mi="0" ci="2" mb="0" cb="0"/><line nr="17" mi="0" ci="3" mb="0" cb="0"/><line nr="18" mi="0" ci="3" mb="0" cb="0"/><line nr="19" mi="0" ci="3" mb="0" cb="0"/><line nr="21" mi="0" ci="3" mb="0" cb="0"/><line nr="22" mi="0" ci="3" mb="0" cb="0"/><line nr="23" mi="0" ci="4" mb="0" cb="0"/><line nr="24" mi="0" ci="1" mb="0" cb="0"/><line nr="28" mi="0" ci="3" mb="0" cb="2"/><line nr="29" mi="0" ci="2" mb="0" cb="0"/><line nr="30" mi="0" ci="7" mb="0" cb="4"/><line nr="31" mi="0" ci="2" mb="0" cb="0"/><line nr="34" mi="0" ci="3" mb="0" cb="0"/><line nr="35" mi="0" ci="10" mb="1" cb="1"/><line nr="36" mi="0" ci="6" mb="0" cb="2"/><line nr="37" mi="0" ci="6" mb="1" cb="1"/><line nr="42" mi="0" ci="19" mb="0" cb="0"/><line nr="47" mi="0" ci="4" mb="0" cb="0"/><line nr="52" mi="0" ci="5" mb="0" cb="0"/><line nr="57" mi="0" ci="3" mb="0" cb="0"/><line nr="62" mi="0" ci="3" mb="0" cb="0"/><line nr="67" mi="0" ci="3" mb="0" cb="0"/><line nr="72" mi="0" ci="2" mb="0" cb="0"/><counter type="INSTRUCTION" missed="0" covered="100"/><counter type="BRANCH" missed="2" covered="10"/><counter type="LINE" missed="0" covered="23"/><counter type="COMPLEXITY" missed="2" covered="13"/><counter type="METHOD" missed="0" covered="9"/><counter type="CLASS" missed="0" covered="1"/></sourcefile><sourcefile name="ArrayTypeImpl.java"><line nr="12" mi="0" ci="2" mb="0" cb="0"/><line nr="13" mi="0" ci="3" mb="0" cb="0"/><line nr="15" mi="0" ci="3" mb="0" cb="0"/><line nr="16" mi="0" ci="1" mb="0" cb="0"/><line nr="20" mi="0" ci="3" mb="0" cb="2"/><line nr="21" mi="0" ci="2" mb="0" cb="0"/><line nr="22" mi="0" ci="7" mb="0" cb="4"/><line nr="23" mi="0" ci="2" mb="0" cb="0"/><line nr="26" mi="0" ci="7" mb="0" cb="0"/><line nr="33" mi="0" ci="16" mb="0" cb="0"/><line nr="38" mi="0" ci="4" mb="0" cb="0"/><line nr="43" mi="0" ci="5" mb="0" cb="0"/><line nr="48" mi="0" ci="3" mb="0" cb="0"/><line nr="53" mi="0" ci="2" mb="0" cb="0"/><counter type="INSTRUCTION" missed="0" covered="60"/><counter type="BRANCH" missed="0" covered="6"/><counter type="LINE" missed="0" covered="14"/><counter type="COMPLEXITY" missed="0" covered="10"/><counter type="METHOD" missed="0" covered="7"/><counter type="CLASS" missed="0" covered="1"/></sourcefile><sourcefile name="ImmutableList.java"><line nr="8" mi="0" ci="7" mb="0" cb="0"/><line nr="12" mi="0" ci="2" mb="0" cb="0"/><line nr="13" mi="0" ci="3" mb="0" cb="0"/><line nr="14" mi="0" ci="1" mb="0" cb="0"/><line nr="17" mi="0" ci="3" mb="0" cb="2"/><line nr="18" mi="0" ci="3" mb="0" cb="0"/><line nr="20" mi="0" ci="9" mb="0" cb="0"/><line nr="26" mi="0" ci="2" mb="0" cb="0"/><line nr="33" mi="0" ci="5" mb="0" cb="0"/><line nr="38" mi="0" ci="4" mb="0" cb="0"/><counter type="INSTRUCTION" missed="0" covered="39"/><counter type="BRANCH" missed="0" covered="2"/><counter type="LINE" missed="0" covered="10"/><counter type="COMPLEXITY" missed="0" covered="7"/><counter type="METHOD" missed="0" covered="6"/><counter type="CLASS" missed="0" covered="1"/></sourcefile><sourcefile name="TypeElementImpl.java"><line nr="16" mi="2" ci="6" mb="1" cb="1"/><line nr="35" mi="0" ci="2" mb="0" cb="0"/><line nr="36" mi="0" ci="5" mb="0" cb="0"/><line nr="38" mi="0" ci="4" mb="0" cb="0"/><line nr="39" mi="0" ci="17" mb="0" cb="2"/><line nr="40" mi="0" ci="8" mb="0" cb="0"/><line nr="42" mi="0" ci="4" mb="0" cb="0"/><line nr="43" mi="0" ci="1" mb="0" cb="0"/><line nr="47" mi="0" ci="3" mb="0" cb="2"/><line nr="48" mi="0" ci="2" mb="0" cb="0"/><line nr="49" mi="0" ci="7" mb="0" cb="4"/><line nr="50" mi="0" ci="2" mb="0" cb="0"/><line nr="53" mi="0" ci="7" mb="0" cb="0"/><line nr="58" mi="0" ci="4" mb="0" cb="0"/><line nr="63" mi="0" ci="4" mb="0" cb="0"/><line nr="68" mi="0" ci="5" mb="0" cb="0"/><line nr="73" mi="0" ci="2" mb="0" cb="0"/><line nr="74" mi="5" ci="5" mb="2" cb="2"/><line nr="75" mi="0" ci="3" mb="0" cb="0"/><line nr="80" mi="0" ci="12" mb="0" cb="0"/><line nr="87" mi="0" ci="7" mb="0" cb="0"/><line nr="92" mi="0" ci="7" mb="0" cb="0"/><line nr="97" mi="0" ci="2" mb="0" cb="0"/><line nr="98" mi="5" ci="5" mb="2" cb="2"/><line nr="99" mi="0" ci="3" mb="0" cb="0"/><line nr="104" mi="0" ci="2" mb="0" cb="0"/><line nr="105" mi="5" ci="5" mb="2" cb="2"/><line nr="106" mi="0" ci="3" mb="0" cb="0"/><line nr="111" mi="0" ci="3" mb="0" cb="0"/><line nr="116" mi="0" ci="2" mb="0" cb="0"/><line nr="118" mi="0" ci="3" mb="0" cb="2"/><line nr="119" mi="0" ci="5" mb="0" cb="0"/><line nr="121" mi="0" ci="3" mb="0" cb="0"/><line nr="127" mi="0" ci="2" mb="0" cb="0"/><line nr="129" mi="0" ci="3" mb="0" cb="0"/><line nr="130" mi="0" ci="2" mb="0" cb="2"/><line nr="131" mi="0" ci="7" mb="0" cb="0"/><line nr="132" mi="0" ci="11" mb="0" cb="2"/><line nr="133" mi="0" ci="5" mb="0" cb="0"/><line nr="134" mi="0" ci="1" mb="0" cb="0"/><line nr="136" mi="0" ci="7" mb="0" cb="2"/><line nr="138" mi="0" ci="2" mb="0" cb="0"/><line nr="139" mi="0" ci="7" mb="0" cb="0"/><line nr="140" mi="0" ci="3" mb="0" cb="0"/><line nr="142" mi="0" ci="2" mb="0" cb="0"/><line nr="147" mi="0" ci="4" mb="0" cb="2"/><line nr="148" mi="0" ci="2" mb="0" cb="0"/><line nr="149" mi="0" ci="4" mb="0" cb="2"/><line nr="150" mi="0" ci="2" mb="0" cb="0"/><line nr="151" mi="0" ci="4" mb="0" cb="2"/><line nr="152" mi="0" ci="2" mb="0" cb="0"/><line nr="154" mi="0" ci="2" mb="0" cb="0"/><line nr="160" mi="0" ci="4" mb="0" cb="0"/><line nr="161" mi="0" ci="7" mb="0" cb="2"/><line nr="163" mi="0" ci="2" mb="0" cb="0"/><line nr="165" mi="0" ci="4" mb="0" cb="0"/><line nr="166" mi="0" ci="10" mb="0" cb="0"/><line nr="167" mi="0" ci="5" mb="0" cb="0"/><line nr="168" mi="0" ci="16" mb="0" cb="2"/><line nr="169" mi="0" ci="6" mb="0" cb="0"/><line nr="171" mi="0" ci="4" mb="0" cb="0"/><line nr="173" mi="0" ci="4" mb="0" cb="0"/><line nr="174" mi="0" ci="7" mb="0" cb="2"/><line nr="176" mi="0" ci="2" mb="0" cb="0"/><line nr="177" mi="0" ci="7" mb="0" cb="0"/><line nr="178" mi="0" ci="11" mb="0" cb="2"/><line nr="179" mi="0" ci="3" mb="0" cb="0"/><line nr="180" mi="0" ci="1" mb="0" cb="0"/><line nr="184" mi="0" ci="1" mb="0" cb="0"/><counter type="INSTRUCTION" missed="17" covered="319"/><counter type="BRANCH" missed="7" covered="37"/><counter type="LINE" missed="0" covered="69"/><counter type="COMPLEXITY" missed="7" covered="32"/><counter type="METHOD" missed="0" covered="17"/><counter type="CLASS" missed="0" covered="1"/></sourcefile><counter type="INSTRUCTION" missed="143" covered="2107"/><counter type="BRANCH" missed="49" covered="199"/><counter type="LINE" missed="15" covered="465"/><counter type="COMPLEXITY" missed="54" covered="222"/><counter type="METHOD" missed="8" covered="144"/><counter type="CLASS" missed="0" covered="16"/></package><counter type="INSTRUCTION" missed="263" covered="4003"/><counter type="BRANCH" missed="113" covered="447"/><counter type="LINE" missed="15" covered="881"/><counter type="COMPLEXITY" missed="118" covered="378"/><counter type="METHOD" missed="8" covered="208"/><counter type="CLASS" missed="0" covered="25"/></report>